#
# There is insufficient memory for the Java Runtime Environment to continue.
# Native memory allocation (malloc) failed to allocate 1142080 bytes for Chunk::new
# Possible reasons:
#   The system is out of physical RAM or swap space
#   The process is running with CompressedOops enabled, and the Java Heap may be blocking the growth of the native heap
# Possible solutions:
#   Reduce memory load on the system
#   Increase physical memory or swap space
#   Check if swap backing store is full
#   Decrease Java heap size (-Xmx/-Xms)
#   Decrease number of Java threads
#   Decrease Java thread stack sizes (-Xss)
#   Set larger code cache with -XX:ReservedCodeCacheSize=
#   JVM is running with Unscaled Compressed Oops mode in which the Java heap is
#     placed in the first 4GB address space. The Java Heap base address is the
#     maximum limit for the native heap growth. Please use -XX:HeapBaseMinAddress
#     to set the Java Heap base and to place the Java Heap above 4GB virtual address.
# This output file may be truncated or incomplete.
#
#  Out of Memory Error (arena.cpp:189), pid=3216, tid=10128
#
# JRE version: OpenJDK Runtime Environment Temurin-17.0.7+7 (17.0.7+7) (build 17.0.7+7)
# Java VM: OpenJDK 64-Bit Server VM Temurin-17.0.7+7 (17.0.7+7, mixed mode, tiered, compressed oops, compressed class ptrs, g1 gc, windows-amd64)
# No core dump will be written. Minidumps are not enabled by default on client versions of Windows
#

---------------  S U M M A R Y ------------

Command Line: -Dfile.encoding=UTF-8 -XX:+ShowCodeDetailsInExceptionMessages com.davincibiotech.DaVinciBioTechBE.DaVinciBioTechBeApplication

Host: AMD Ryzen 5 3500U with Radeon Vega Mobile Gfx  , 8 cores, 5G,  Windows 11 , 64 bit Build 22621 (10.0.22621.2215)
Time: Tue Sep 26 11:10:42 2023 ora legale Europa occidentale elapsed time: 14028.436666 seconds (0d 3h 53m 48s)

---------------  T H R E A D  ---------------

Current thread (0x00000233a301b340):  JavaThread "C2 CompilerThread0" daemon [_thread_in_native, id=10128, stack(0x0000006198600000,0x0000006198700000)]


Current CompileTask:
C2:14028437 15560   !   4       org.hibernate.query.spi.AbstractSelectionQuery::list (78 bytes)

Stack: [0x0000006198600000,0x0000006198700000]
Native frames: (J=compiled Java code, j=interpreted, Vv=VM code, C=native code)
V  [jvm.dll+0x67754a]
V  [jvm.dll+0x834304]
V  [jvm.dll+0x835aae]
V  [jvm.dll+0x836113]
V  [jvm.dll+0x24696f]
V  [jvm.dll+0xac0ac]
V  [jvm.dll+0xac67c]
V  [jvm.dll+0x364e37]
V  [jvm.dll+0x1bcc02]
V  [jvm.dll+0x219799]
V  [jvm.dll+0x218a61]
V  [jvm.dll+0x1a4d8d]
V  [jvm.dll+0x2284da]
V  [jvm.dll+0x226615]
V  [jvm.dll+0x7ea90b]
V  [jvm.dll+0x7e4e7a]
V  [jvm.dll+0x676395]
C  [ucrtbase.dll+0x29363]
C  [KERNEL32.DLL+0x1257d]
C  [ntdll.dll+0x5aa68]


---------------  P R O C E S S  ---------------

Threads class SMR info:
_java_thread_list=0x00000233a73ad7c0, length=31, elements={
0x000002339ec93470, 0x000002339ec94560, 0x000002339eccb290, 0x000002339eccdc60,
0x000002339ecce610, 0x00000233a30150a0, 0x00000233a301b340, 0x00000233a3034590,
0x00000233a3070b40, 0x00000233a31bd690, 0x00000233a31d9830, 0x00000233a3b24d20,
0x00000233a439a970, 0x00000233a4397e20, 0x00000233a4399630, 0x00000233a439ae40,
0x00000233a4397480, 0x00000233a43982f0, 0x00000233a4175450, 0x00000233a41797b0,
0x00000233a4177130, 0x00000233a41732a0, 0x00000233a4179c80, 0x00000233a417a620,
0x00000233a4173c40, 0x00000233a4177600, 0x00000233a4176790, 0x00000233a417aaf0,
0x00000233a4178e10, 0x00000233a4176c60, 0x00000233a4174ab0
}

Java Threads: ( => current thread )
  0x000002339ec93470 JavaThread "Reference Handler" daemon [_thread_blocked, id=14008, stack(0x0000006198000000,0x0000006198100000)]
  0x000002339ec94560 JavaThread "Finalizer" daemon [_thread_blocked, id=12444, stack(0x0000006198100000,0x0000006198200000)]
  0x000002339eccb290 JavaThread "Signal Dispatcher" daemon [_thread_blocked, id=8348, stack(0x0000006198200000,0x0000006198300000)]
  0x000002339eccdc60 JavaThread "Attach Listener" daemon [_thread_blocked, id=23316, stack(0x0000006198300000,0x0000006198400000)]
  0x000002339ecce610 JavaThread "Service Thread" daemon [_thread_blocked, id=22080, stack(0x0000006198400000,0x0000006198500000)]
  0x00000233a30150a0 JavaThread "Monitor Deflation Thread" daemon [_thread_blocked, id=22008, stack(0x0000006198500000,0x0000006198600000)]
=>0x00000233a301b340 JavaThread "C2 CompilerThread0" daemon [_thread_in_native, id=10128, stack(0x0000006198600000,0x0000006198700000)]
  0x00000233a3034590 JavaThread "C1 CompilerThread0" daemon [_thread_blocked, id=10688, stack(0x0000006198700000,0x0000006198800000)]
  0x00000233a3070b40 JavaThread "Sweeper thread" daemon [_thread_blocked, id=17848, stack(0x0000006198800000,0x0000006198900000)]
  0x00000233a31bd690 JavaThread "Notification Thread" daemon [_thread_blocked, id=1816, stack(0x0000006198900000,0x0000006198a00000)]
  0x00000233a31d9830 JavaThread "Common-Cleaner" daemon [_thread_blocked, id=1972, stack(0x0000006198b00000,0x0000006198c00000)]
  0x00000233a3b24d20 JavaThread "PostgreSQL-JDBC-Cleaner" daemon [_thread_blocked, id=19548, stack(0x0000006198c00000,0x0000006198d00000)]
  0x00000233a439a970 JavaThread "HikariPool-1 housekeeper" daemon [_thread_blocked, id=16652, stack(0x0000006199800000,0x0000006199900000)]
  0x00000233a4397e20 JavaThread "Catalina-utility-1" [_thread_blocked, id=13256, stack(0x0000006199b00000,0x0000006199c00000)]
  0x00000233a4399630 JavaThread "Catalina-utility-2" [_thread_blocked, id=13524, stack(0x0000006199c00000,0x0000006199d00000)]
  0x00000233a439ae40 JavaThread "container-0" [_thread_blocked, id=14520, stack(0x0000006199d00000,0x0000006199e00000)]
  0x00000233a4397480 JavaThread "File Watcher" daemon [_thread_blocked, id=14820, stack(0x0000006199e00000,0x0000006199f00000)]
  0x00000233a43982f0 JavaThread "Live Reload Server" daemon [_thread_in_native, id=21096, stack(0x000000619a000000,0x000000619a100000)]
  0x00000233a4175450 JavaThread "http-nio-3001-exec-1" daemon [_thread_in_native, id=1712, stack(0x0000006199f00000,0x000000619a000000)]
  0x00000233a41797b0 JavaThread "http-nio-3001-exec-2" daemon [_thread_in_native, id=21872, stack(0x000000619a100000,0x000000619a200000)]
  0x00000233a4177130 JavaThread "http-nio-3001-exec-3" daemon [_thread_blocked, id=22688, stack(0x000000619a200000,0x000000619a300000)]
  0x00000233a41732a0 JavaThread "http-nio-3001-exec-4" daemon [_thread_blocked, id=15068, stack(0x000000619a300000,0x000000619a400000)]
  0x00000233a4179c80 JavaThread "http-nio-3001-exec-5" daemon [_thread_in_native, id=23280, stack(0x000000619a400000,0x000000619a500000)]
  0x00000233a417a620 JavaThread "http-nio-3001-exec-6" daemon [_thread_blocked, id=7828, stack(0x000000619a500000,0x000000619a600000)]
  0x00000233a4173c40 JavaThread "http-nio-3001-exec-7" daemon [_thread_in_native, id=15124, stack(0x000000619a600000,0x000000619a700000)]
  0x00000233a4177600 JavaThread "http-nio-3001-exec-8" daemon [_thread_blocked, id=12428, stack(0x000000619a700000,0x000000619a800000)]
  0x00000233a4176790 JavaThread "http-nio-3001-exec-9" daemon [_thread_blocked, id=8880, stack(0x000000619a800000,0x000000619a900000)]
  0x00000233a417aaf0 JavaThread "http-nio-3001-exec-10" daemon [_thread_blocked, id=2944, stack(0x000000619a900000,0x000000619aa00000)]
  0x00000233a4178e10 JavaThread "http-nio-3001-Poller" daemon [_thread_in_native, id=2340, stack(0x000000619aa00000,0x000000619ab00000)]
  0x00000233a4176c60 JavaThread "http-nio-3001-Acceptor" daemon [_thread_in_native, id=16640, stack(0x000000619ab00000,0x000000619ac00000)]
  0x00000233a4174ab0 JavaThread "DestroyJavaVM" [_thread_blocked, id=12772, stack(0x0000006197900000,0x0000006197a00000)]

Other Threads:
  0x000002339ec8e7d0 VMThread "VM Thread" [stack: 0x0000006197f00000,0x0000006198000000] [id=20576]
  0x00000233a31c1b80 WatcherThread [stack: 0x0000006198a00000,0x0000006198b00000] [id=14068]
  0x00000233840c4320 GCTaskThread "GC Thread#0" [stack: 0x0000006197a00000,0x0000006197b00000] [id=8480]
  0x00000233a41a6030 GCTaskThread "GC Thread#1" [stack: 0x0000006198d00000,0x0000006198e00000] [id=7452]
  0x00000233a3bedbd0 GCTaskThread "GC Thread#2" [stack: 0x0000006198e00000,0x0000006198f00000] [id=14740]
  0x00000233a3f8ec60 GCTaskThread "GC Thread#3" [stack: 0x0000006198f00000,0x0000006199000000] [id=2412]
  0x00000233a3f7ed30 GCTaskThread "GC Thread#4" [stack: 0x0000006199000000,0x0000006199100000] [id=15416]
  0x00000233a3d6a0e0 GCTaskThread "GC Thread#5" [stack: 0x0000006199300000,0x0000006199400000] [id=14668]
  0x00000233a414fd00 GCTaskThread "GC Thread#6" [stack: 0x0000006199400000,0x0000006199500000] [id=23120]
  0x00000233a46e4c30 GCTaskThread "GC Thread#7" [stack: 0x0000006199500000,0x0000006199600000] [id=14696]
  0x00000233840d1780 ConcurrentGCThread "G1 Main Marker" [stack: 0x0000006197b00000,0x0000006197c00000] [id=18236]
  0x00000233840d2190 ConcurrentGCThread "G1 Conc#0" [stack: 0x0000006197c00000,0x0000006197d00000] [id=16184]
  0x00000233a46da220 ConcurrentGCThread "G1 Conc#1" [stack: 0x0000006199600000,0x0000006199700000] [id=4352]
  0x000002339eaf00a0 ConcurrentGCThread "G1 Refine#0" [stack: 0x0000006197d00000,0x0000006197e00000] [id=8740]
  0x000002339eaf0ac0 ConcurrentGCThread "G1 Service" [stack: 0x0000006197e00000,0x0000006197f00000] [id=19768]

Threads with active compile tasks:
C2 CompilerThread0  14028507 15560   !   4       org.hibernate.query.spi.AbstractSelectionQuery::list (78 bytes)

VM state: not at safepoint (normal execution)

VM Mutex/Monitor currently owned by a thread: None

Heap address: 0x00000000a1400000, size: 1516 MB, Compressed Oops mode: 32-bit

CDS archive(s) not mapped
Compressed class space mapped at: 0x0000000100000000-0x0000000140000000, reserved size: 1073741824
Narrow klass base: 0x0000000000000000, Narrow klass shift: 3, Narrow klass range: 0x140000000

GC Precious Log:
 CPUs: 8 total, 8 available
 Memory: 6060M
 Large Page Support: Disabled
 NUMA Support: Disabled
 Compressed Oops: Enabled (32-bit)
 Heap Region Size: 1M
 Heap Min Capacity: 8M
 Heap Initial Capacity: 96M
 Heap Max Capacity: 1516M
 Pre-touch: Disabled
 Parallel Workers: 8
 Concurrent Workers: 2
 Concurrent Refinement Workers: 8
 Periodic GC: Disabled

Heap:
 garbage-first heap   total 140288K, used 118642K [0x00000000a1400000, 0x0000000100000000)
  region size 1024K, 80 young (81920K), 1 survivors (1024K)
 Metaspace       used 91423K, committed 91968K, reserved 1179648K
  class space    used 11712K, committed 11968K, reserved 1048576K

Heap Regions: E=young(eden), S=young(survivor), O=old, HS=humongous(starts), HC=humongous(continues), CS=collection set, F=free, OA=open archive, CA=closed archive, TAMS=top-at-mark-start (previous, next)
|   0|0x00000000a1400000, 0x00000000a1500000, 0x00000000a1500000|100%|HS|  |TAMS 0x00000000a1500000, 0x00000000a1400000| Complete 
|   1|0x00000000a1500000, 0x00000000a1600000, 0x00000000a1600000|100%|HS|  |TAMS 0x00000000a1600000, 0x00000000a1500000| Complete 
|   2|0x00000000a1600000, 0x00000000a1700000, 0x00000000a1700000|100%| O|  |TAMS 0x00000000a1700000, 0x00000000a1600000| Untracked 
|   3|0x00000000a1700000, 0x00000000a1800000, 0x00000000a1800000|100%| O|  |TAMS 0x00000000a1800000, 0x00000000a1700000| Untracked 
|   4|0x00000000a1800000, 0x00000000a1900000, 0x00000000a1900000|100%| O|  |TAMS 0x00000000a1900000, 0x00000000a1800000| Untracked 
|   5|0x00000000a1900000, 0x00000000a1a00000, 0x00000000a1a00000|100%| O|  |TAMS 0x00000000a1a00000, 0x00000000a1900000| Untracked 
|   6|0x00000000a1a00000, 0x00000000a1b00000, 0x00000000a1b00000|100%| O|  |TAMS 0x00000000a1b00000, 0x00000000a1a00000| Untracked 
|   7|0x00000000a1b00000, 0x00000000a1c00000, 0x00000000a1c00000|100%| O|  |TAMS 0x00000000a1c00000, 0x00000000a1b00000| Untracked 
|   8|0x00000000a1c00000, 0x00000000a1d00000, 0x00000000a1d00000|100%| O|  |TAMS 0x00000000a1d00000, 0x00000000a1c00000| Untracked 
|   9|0x00000000a1d00000, 0x00000000a1e00000, 0x00000000a1e00000|100%| O|  |TAMS 0x00000000a1e00000, 0x00000000a1d00000| Untracked 
|  10|0x00000000a1e00000, 0x00000000a1f00000, 0x00000000a1f00000|100%| O|  |TAMS 0x00000000a1f00000, 0x00000000a1e00000| Untracked 
|  11|0x00000000a1f00000, 0x00000000a2000000, 0x00000000a2000000|100%| O|  |TAMS 0x00000000a2000000, 0x00000000a1f00000| Untracked 
|  12|0x00000000a2000000, 0x00000000a2100000, 0x00000000a2100000|100%| O|  |TAMS 0x00000000a2100000, 0x00000000a2000000| Untracked 
|  13|0x00000000a2100000, 0x00000000a2200000, 0x00000000a2200000|100%| O|  |TAMS 0x00000000a2200000, 0x00000000a2100000| Untracked 
|  14|0x00000000a2200000, 0x00000000a2300000, 0x00000000a2300000|100%| O|  |TAMS 0x00000000a2300000, 0x00000000a2200000| Untracked 
|  15|0x00000000a2300000, 0x00000000a2400000, 0x00000000a2400000|100%| O|  |TAMS 0x00000000a2400000, 0x00000000a2300000| Untracked 
|  16|0x00000000a2400000, 0x00000000a2500000, 0x00000000a2500000|100%| O|  |TAMS 0x00000000a2500000, 0x00000000a2400000| Untracked 
|  17|0x00000000a2500000, 0x00000000a2600000, 0x00000000a2600000|100%| O|  |TAMS 0x00000000a2600000, 0x00000000a2500000| Untracked 
|  18|0x00000000a2600000, 0x00000000a2700000, 0x00000000a2700000|100%| O|  |TAMS 0x00000000a2700000, 0x00000000a2600000| Untracked 
|  19|0x00000000a2700000, 0x00000000a27e1800, 0x00000000a2800000| 88%| O|  |TAMS 0x00000000a27e1800, 0x00000000a2700000| Untracked 
|  20|0x00000000a2800000, 0x00000000a2900000, 0x00000000a2900000|100%| O|  |TAMS 0x00000000a2900000, 0x00000000a2800000| Untracked 
|  21|0x00000000a2900000, 0x00000000a2a00000, 0x00000000a2a00000|100%| O|  |TAMS 0x00000000a2a00000, 0x00000000a2900000| Untracked 
|  22|0x00000000a2a00000, 0x00000000a2b00000, 0x00000000a2b00000|100%| O|  |TAMS 0x00000000a2b00000, 0x00000000a2a00000| Untracked 
|  23|0x00000000a2b00000, 0x00000000a2c00000, 0x00000000a2c00000|100%| O|  |TAMS 0x00000000a2c00000, 0x00000000a2b00000| Untracked 
|  24|0x00000000a2c00000, 0x00000000a2c00000, 0x00000000a2d00000|  0%| F|  |TAMS 0x00000000a2c00000, 0x00000000a2c00000| Untracked 
|  25|0x00000000a2d00000, 0x00000000a2e00000, 0x00000000a2e00000|100%| O|  |TAMS 0x00000000a2e00000, 0x00000000a2d00000| Untracked 
|  26|0x00000000a2e00000, 0x00000000a2f00000, 0x00000000a2f00000|100%| O|  |TAMS 0x00000000a2f00000, 0x00000000a2e00000| Untracked 
|  27|0x00000000a2f00000, 0x00000000a3000000, 0x00000000a3000000|100%| O|  |TAMS 0x00000000a3000000, 0x00000000a2f00000| Untracked 
|  28|0x00000000a3000000, 0x00000000a3100000, 0x00000000a3100000|100%| O|  |TAMS 0x00000000a3100000, 0x00000000a3000000| Untracked 
|  29|0x00000000a3100000, 0x00000000a3185000, 0x00000000a3200000| 51%| O|  |TAMS 0x00000000a317ec00, 0x00000000a3100000| Untracked 
|  30|0x00000000a3200000, 0x00000000a3200000, 0x00000000a3300000|  0%| F|  |TAMS 0x00000000a3200000, 0x00000000a3200000| Untracked 
|  31|0x00000000a3300000, 0x00000000a3400000, 0x00000000a3400000|100%| O|  |TAMS 0x00000000a3400000, 0x00000000a3300000| Untracked 
|  32|0x00000000a3400000, 0x00000000a3500000, 0x00000000a3500000|100%| O|  |TAMS 0x00000000a3500000, 0x00000000a3400000| Untracked 
|  33|0x00000000a3500000, 0x00000000a3600000, 0x00000000a3600000|100%| O|  |TAMS 0x00000000a3600000, 0x00000000a3500000| Untracked 
|  34|0x00000000a3600000, 0x00000000a3700000, 0x00000000a3700000|100%| O|  |TAMS 0x00000000a3700000, 0x00000000a3600000| Untracked 
|  35|0x00000000a3700000, 0x00000000a3800000, 0x00000000a3800000|100%| O|  |TAMS 0x00000000a3800000, 0x00000000a3700000| Untracked 
|  36|0x00000000a3800000, 0x00000000a3900000, 0x00000000a3900000|100%| O|  |TAMS 0x00000000a3900000, 0x00000000a3800000| Untracked 
|  37|0x00000000a3900000, 0x00000000a3a00000, 0x00000000a3a00000|100%| O|  |TAMS 0x00000000a3a00000, 0x00000000a3900000| Untracked 
|  38|0x00000000a3a00000, 0x00000000a3b00000, 0x00000000a3b00000|100%| O|  |TAMS 0x00000000a3b00000, 0x00000000a3a00000| Untracked 
|  39|0x00000000a3b00000, 0x00000000a3c00000, 0x00000000a3c00000|100%| O|  |TAMS 0x00000000a3c00000, 0x00000000a3b00000| Untracked 
|  40|0x00000000a3c00000, 0x00000000a3d00000, 0x00000000a3d00000|100%| O|  |TAMS 0x00000000a3d00000, 0x00000000a3c00000| Untracked 
|  41|0x00000000a3d00000, 0x00000000a3d00000, 0x00000000a3e00000|  0%| F|  |TAMS 0x00000000a3d00000, 0x00000000a3d00000| Untracked 
|  42|0x00000000a3e00000, 0x00000000a3e00000, 0x00000000a3f00000|  0%| F|  |TAMS 0x00000000a3e00000, 0x00000000a3e00000| Untracked 
|  43|0x00000000a3f00000, 0x00000000a3f00000, 0x00000000a4000000|  0%| F|  |TAMS 0x00000000a3f00000, 0x00000000a3f00000| Untracked 
|  44|0x00000000a4000000, 0x00000000a4000000, 0x00000000a4100000|  0%| F|  |TAMS 0x00000000a4000000, 0x00000000a4000000| Untracked 
|  45|0x00000000a4100000, 0x00000000a4100000, 0x00000000a4200000|  0%| F|  |TAMS 0x00000000a4100000, 0x00000000a4100000| Untracked 
|  46|0x00000000a4200000, 0x00000000a4200000, 0x00000000a4300000|  0%| F|  |TAMS 0x00000000a4200000, 0x00000000a4200000| Untracked 
|  47|0x00000000a4300000, 0x00000000a4300000, 0x00000000a4400000|  0%| F|  |TAMS 0x00000000a4300000, 0x00000000a4300000| Untracked 
|  48|0x00000000a4400000, 0x00000000a4400000, 0x00000000a4500000|  0%| F|  |TAMS 0x00000000a4400000, 0x00000000a4400000| Untracked 
|  49|0x00000000a4500000, 0x00000000a4500000, 0x00000000a4600000|  0%| F|  |TAMS 0x00000000a4500000, 0x00000000a4500000| Untracked 
|  50|0x00000000a4600000, 0x00000000a4600000, 0x00000000a4700000|  0%| F|  |TAMS 0x00000000a4600000, 0x00000000a4600000| Untracked 
|  51|0x00000000a4700000, 0x00000000a4700000, 0x00000000a4800000|  0%| F|  |TAMS 0x00000000a4700000, 0x00000000a4700000| Untracked 
|  52|0x00000000a4800000, 0x00000000a4800000, 0x00000000a4900000|  0%| F|  |TAMS 0x00000000a4800000, 0x00000000a4800000| Untracked 
|  53|0x00000000a4900000, 0x00000000a4900000, 0x00000000a4a00000|  0%| F|  |TAMS 0x00000000a4900000, 0x00000000a4900000| Untracked 
|  54|0x00000000a4a00000, 0x00000000a4a76130, 0x00000000a4b00000| 46%| S|CS|TAMS 0x00000000a4a00000, 0x00000000a4a00000| Complete 
|  55|0x00000000a4b00000, 0x00000000a4b00000, 0x00000000a4c00000|  0%| F|  |TAMS 0x00000000a4b00000, 0x00000000a4b00000| Untracked 
|  56|0x00000000a4c00000, 0x00000000a4c00000, 0x00000000a4d00000|  0%| F|  |TAMS 0x00000000a4c00000, 0x00000000a4c00000| Untracked 
|  57|0x00000000a4d00000, 0x00000000a4d74698, 0x00000000a4e00000| 45%| E|  |TAMS 0x00000000a4d00000, 0x00000000a4d00000| Complete 
|  58|0x00000000a4e00000, 0x00000000a4f00000, 0x00000000a4f00000|100%| E|CS|TAMS 0x00000000a4e00000, 0x00000000a4e00000| Complete 
|  59|0x00000000a4f00000, 0x00000000a5000000, 0x00000000a5000000|100%| E|CS|TAMS 0x00000000a4f00000, 0x00000000a4f00000| Complete 
|  60|0x00000000a5000000, 0x00000000a5100000, 0x00000000a5100000|100%| E|CS|TAMS 0x00000000a5000000, 0x00000000a5000000| Complete 
|  61|0x00000000a5100000, 0x00000000a5200000, 0x00000000a5200000|100%| E|CS|TAMS 0x00000000a5100000, 0x00000000a5100000| Complete 
|  62|0x00000000a5200000, 0x00000000a5300000, 0x00000000a5300000|100%| E|CS|TAMS 0x00000000a5200000, 0x00000000a5200000| Complete 
|  63|0x00000000a5300000, 0x00000000a5400000, 0x00000000a5400000|100%| E|CS|TAMS 0x00000000a5300000, 0x00000000a5300000| Complete 
|  64|0x00000000a5400000, 0x00000000a5500000, 0x00000000a5500000|100%| E|CS|TAMS 0x00000000a5400000, 0x00000000a5400000| Complete 
|  65|0x00000000a5500000, 0x00000000a5600000, 0x00000000a5600000|100%| E|  |TAMS 0x00000000a5500000, 0x00000000a5500000| Complete 
|  66|0x00000000a5600000, 0x00000000a5700000, 0x00000000a5700000|100%| E|CS|TAMS 0x00000000a5600000, 0x00000000a5600000| Complete 
|  67|0x00000000a5700000, 0x00000000a5800000, 0x00000000a5800000|100%| E|CS|TAMS 0x00000000a5700000, 0x00000000a5700000| Complete 
|  68|0x00000000a5800000, 0x00000000a5900000, 0x00000000a5900000|100%| E|CS|TAMS 0x00000000a5800000, 0x00000000a5800000| Complete 
|  69|0x00000000a5900000, 0x00000000a5a00000, 0x00000000a5a00000|100%| E|CS|TAMS 0x00000000a5900000, 0x00000000a5900000| Complete 
|  70|0x00000000a5a00000, 0x00000000a5b00000, 0x00000000a5b00000|100%| E|CS|TAMS 0x00000000a5a00000, 0x00000000a5a00000| Complete 
|  71|0x00000000a5b00000, 0x00000000a5c00000, 0x00000000a5c00000|100%| E|CS|TAMS 0x00000000a5b00000, 0x00000000a5b00000| Complete 
|  72|0x00000000a5c00000, 0x00000000a5d00000, 0x00000000a5d00000|100%| E|CS|TAMS 0x00000000a5c00000, 0x00000000a5c00000| Complete 
|  73|0x00000000a5d00000, 0x00000000a5e00000, 0x00000000a5e00000|100%| E|CS|TAMS 0x00000000a5d00000, 0x00000000a5d00000| Complete 
|  74|0x00000000a5e00000, 0x00000000a5f00000, 0x00000000a5f00000|100%| E|CS|TAMS 0x00000000a5e00000, 0x00000000a5e00000| Complete 
|  75|0x00000000a5f00000, 0x00000000a6000000, 0x00000000a6000000|100%| E|CS|TAMS 0x00000000a5f00000, 0x00000000a5f00000| Complete 
|  76|0x00000000a6000000, 0x00000000a6100000, 0x00000000a6100000|100%| E|CS|TAMS 0x00000000a6000000, 0x00000000a6000000| Complete 
|  77|0x00000000a6100000, 0x00000000a6200000, 0x00000000a6200000|100%| E|CS|TAMS 0x00000000a6100000, 0x00000000a6100000| Complete 
|  78|0x00000000a6200000, 0x00000000a6300000, 0x00000000a6300000|100%| E|CS|TAMS 0x00000000a6200000, 0x00000000a6200000| Complete 
|  79|0x00000000a6300000, 0x00000000a6400000, 0x00000000a6400000|100%| E|CS|TAMS 0x00000000a6300000, 0x00000000a6300000| Complete 
|  80|0x00000000a6400000, 0x00000000a6500000, 0x00000000a6500000|100%| E|CS|TAMS 0x00000000a6400000, 0x00000000a6400000| Complete 
|  81|0x00000000a6500000, 0x00000000a6600000, 0x00000000a6600000|100%| E|CS|TAMS 0x00000000a6500000, 0x00000000a6500000| Complete 
|  82|0x00000000a6600000, 0x00000000a6700000, 0x00000000a6700000|100%| E|CS|TAMS 0x00000000a6600000, 0x00000000a6600000| Complete 
|  83|0x00000000a6700000, 0x00000000a6800000, 0x00000000a6800000|100%| E|CS|TAMS 0x00000000a6700000, 0x00000000a6700000| Complete 
|  84|0x00000000a6800000, 0x00000000a6900000, 0x00000000a6900000|100%| E|CS|TAMS 0x00000000a6800000, 0x00000000a6800000| Complete 
|  85|0x00000000a6900000, 0x00000000a6a00000, 0x00000000a6a00000|100%| E|CS|TAMS 0x00000000a6900000, 0x00000000a6900000| Complete 
|  86|0x00000000a6a00000, 0x00000000a6b00000, 0x00000000a6b00000|100%| E|CS|TAMS 0x00000000a6a00000, 0x00000000a6a00000| Complete 
|  87|0x00000000a6b00000, 0x00000000a6c00000, 0x00000000a6c00000|100%| E|CS|TAMS 0x00000000a6b00000, 0x00000000a6b00000| Complete 
|  88|0x00000000a6c00000, 0x00000000a6d00000, 0x00000000a6d00000|100%| E|CS|TAMS 0x00000000a6c00000, 0x00000000a6c00000| Complete 
|  89|0x00000000a6d00000, 0x00000000a6e00000, 0x00000000a6e00000|100%| E|CS|TAMS 0x00000000a6d00000, 0x00000000a6d00000| Complete 
|  90|0x00000000a6e00000, 0x00000000a6f00000, 0x00000000a6f00000|100%| E|CS|TAMS 0x00000000a6e00000, 0x00000000a6e00000| Complete 
|  91|0x00000000a6f00000, 0x00000000a7000000, 0x00000000a7000000|100%| E|CS|TAMS 0x00000000a6f00000, 0x00000000a6f00000| Complete 
|  92|0x00000000a7000000, 0x00000000a7100000, 0x00000000a7100000|100%| E|CS|TAMS 0x00000000a7000000, 0x00000000a7000000| Complete 
|  93|0x00000000a7100000, 0x00000000a7200000, 0x00000000a7200000|100%| E|CS|TAMS 0x00000000a7100000, 0x00000000a7100000| Complete 
|  94|0x00000000a7200000, 0x00000000a7300000, 0x00000000a7300000|100%| E|CS|TAMS 0x00000000a7200000, 0x00000000a7200000| Complete 
|  95|0x00000000a7300000, 0x00000000a7400000, 0x00000000a7400000|100%| E|CS|TAMS 0x00000000a7300000, 0x00000000a7300000| Complete 
|  96|0x00000000a7400000, 0x00000000a7500000, 0x00000000a7500000|100%| E|CS|TAMS 0x00000000a7400000, 0x00000000a7400000| Complete 
|  97|0x00000000a7500000, 0x00000000a7600000, 0x00000000a7600000|100%| E|CS|TAMS 0x00000000a7500000, 0x00000000a7500000| Complete 
|  98|0x00000000a7600000, 0x00000000a7700000, 0x00000000a7700000|100%| E|CS|TAMS 0x00000000a7600000, 0x00000000a7600000| Complete 
|  99|0x00000000a7700000, 0x00000000a7800000, 0x00000000a7800000|100%| E|CS|TAMS 0x00000000a7700000, 0x00000000a7700000| Complete 
| 100|0x00000000a7800000, 0x00000000a7900000, 0x00000000a7900000|100%| E|CS|TAMS 0x00000000a7800000, 0x00000000a7800000| Complete 
| 101|0x00000000a7900000, 0x00000000a7a00000, 0x00000000a7a00000|100%| E|CS|TAMS 0x00000000a7900000, 0x00000000a7900000| Complete 
| 102|0x00000000a7a00000, 0x00000000a7b00000, 0x00000000a7b00000|100%| E|CS|TAMS 0x00000000a7a00000, 0x00000000a7a00000| Complete 
| 103|0x00000000a7b00000, 0x00000000a7c00000, 0x00000000a7c00000|100%| E|CS|TAMS 0x00000000a7b00000, 0x00000000a7b00000| Complete 
| 104|0x00000000a7c00000, 0x00000000a7d00000, 0x00000000a7d00000|100%| E|CS|TAMS 0x00000000a7c00000, 0x00000000a7c00000| Complete 
| 105|0x00000000a7d00000, 0x00000000a7e00000, 0x00000000a7e00000|100%| E|CS|TAMS 0x00000000a7d00000, 0x00000000a7d00000| Complete 
| 106|0x00000000a7e00000, 0x00000000a7f00000, 0x00000000a7f00000|100%| E|CS|TAMS 0x00000000a7e00000, 0x00000000a7e00000| Complete 
| 107|0x00000000a7f00000, 0x00000000a8000000, 0x00000000a8000000|100%| E|CS|TAMS 0x00000000a7f00000, 0x00000000a7f00000| Complete 
| 108|0x00000000a8000000, 0x00000000a8100000, 0x00000000a8100000|100%| E|CS|TAMS 0x00000000a8000000, 0x00000000a8000000| Complete 
| 109|0x00000000a8100000, 0x00000000a8200000, 0x00000000a8200000|100%| E|CS|TAMS 0x00000000a8100000, 0x00000000a8100000| Complete 
| 110|0x00000000a8200000, 0x00000000a8300000, 0x00000000a8300000|100%| E|CS|TAMS 0x00000000a8200000, 0x00000000a8200000| Complete 
| 111|0x00000000a8300000, 0x00000000a8400000, 0x00000000a8400000|100%| E|CS|TAMS 0x00000000a8300000, 0x00000000a8300000| Complete 
| 112|0x00000000a8400000, 0x00000000a8500000, 0x00000000a8500000|100%| E|CS|TAMS 0x00000000a8400000, 0x00000000a8400000| Complete 
| 113|0x00000000a8500000, 0x00000000a8600000, 0x00000000a8600000|100%| E|CS|TAMS 0x00000000a8500000, 0x00000000a8500000| Complete 
| 114|0x00000000a8600000, 0x00000000a8700000, 0x00000000a8700000|100%| E|CS|TAMS 0x00000000a8600000, 0x00000000a8600000| Complete 
| 115|0x00000000a8700000, 0x00000000a8800000, 0x00000000a8800000|100%| E|CS|TAMS 0x00000000a8700000, 0x00000000a8700000| Complete 
| 116|0x00000000a8800000, 0x00000000a8900000, 0x00000000a8900000|100%| E|CS|TAMS 0x00000000a8800000, 0x00000000a8800000| Complete 
| 117|0x00000000a8900000, 0x00000000a8a00000, 0x00000000a8a00000|100%| E|CS|TAMS 0x00000000a8900000, 0x00000000a8900000| Complete 
| 118|0x00000000a8a00000, 0x00000000a8b00000, 0x00000000a8b00000|100%| E|CS|TAMS 0x00000000a8a00000, 0x00000000a8a00000| Complete 
| 119|0x00000000a8b00000, 0x00000000a8c00000, 0x00000000a8c00000|100%| E|CS|TAMS 0x00000000a8b00000, 0x00000000a8b00000| Complete 
| 120|0x00000000a8c00000, 0x00000000a8d00000, 0x00000000a8d00000|100%| E|CS|TAMS 0x00000000a8c00000, 0x00000000a8c00000| Complete 
| 121|0x00000000a8d00000, 0x00000000a8e00000, 0x00000000a8e00000|100%| E|CS|TAMS 0x00000000a8d00000, 0x00000000a8d00000| Complete 
| 122|0x00000000a8e00000, 0x00000000a8f00000, 0x00000000a8f00000|100%| E|CS|TAMS 0x00000000a8e00000, 0x00000000a8e00000| Complete 
| 123|0x00000000a8f00000, 0x00000000a9000000, 0x00000000a9000000|100%| E|CS|TAMS 0x00000000a8f00000, 0x00000000a8f00000| Complete 
| 124|0x00000000a9000000, 0x00000000a9100000, 0x00000000a9100000|100%| E|CS|TAMS 0x00000000a9000000, 0x00000000a9000000| Complete 
| 125|0x00000000a9100000, 0x00000000a9200000, 0x00000000a9200000|100%| E|CS|TAMS 0x00000000a9100000, 0x00000000a9100000| Complete 
| 126|0x00000000a9200000, 0x00000000a9300000, 0x00000000a9300000|100%| E|CS|TAMS 0x00000000a9200000, 0x00000000a9200000| Complete 
| 127|0x00000000a9300000, 0x00000000a9400000, 0x00000000a9400000|100%| E|CS|TAMS 0x00000000a9300000, 0x00000000a9300000| Complete 
| 128|0x00000000a9400000, 0x00000000a9500000, 0x00000000a9500000|100%| E|CS|TAMS 0x00000000a9400000, 0x00000000a9400000| Complete 
| 129|0x00000000a9500000, 0x00000000a9600000, 0x00000000a9600000|100%| E|CS|TAMS 0x00000000a9500000, 0x00000000a9500000| Complete 
| 130|0x00000000a9600000, 0x00000000a9700000, 0x00000000a9700000|100%| E|CS|TAMS 0x00000000a9600000, 0x00000000a9600000| Complete 
| 131|0x00000000a9700000, 0x00000000a9800000, 0x00000000a9800000|100%| E|CS|TAMS 0x00000000a9700000, 0x00000000a9700000| Complete 
| 132|0x00000000a9800000, 0x00000000a9900000, 0x00000000a9900000|100%| E|CS|TAMS 0x00000000a9800000, 0x00000000a9800000| Complete 
| 133|0x00000000a9900000, 0x00000000a9a00000, 0x00000000a9a00000|100%| E|CS|TAMS 0x00000000a9900000, 0x00000000a9900000| Complete 
| 134|0x00000000a9a00000, 0x00000000a9b00000, 0x00000000a9b00000|100%| E|CS|TAMS 0x00000000a9a00000, 0x00000000a9a00000| Complete 
| 135|0x00000000a9b00000, 0x00000000a9c00000, 0x00000000a9c00000|100%| E|CS|TAMS 0x00000000a9b00000, 0x00000000a9b00000| Complete 
| 186|0x00000000ace00000, 0x00000000acf00000, 0x00000000acf00000|100%| E|CS|TAMS 0x00000000ace00000, 0x00000000ace00000| Complete 

Card table byte_map: [0x0000023398c80000,0x0000023398f80000] _byte_map_base: 0x0000023398776000

Marking Bits (Prev, Next): (CMBitMap*) 0x00000233840c4930, (CMBitMap*) 0x00000233840c4970
 Prev Bits: [0x0000023399280000, 0x000002339aa30000)
 Next Bits: [0x000002339aa30000, 0x000002339c1e0000)

Polling page: 0x0000023384130000

Metaspace:

Usage:
  Non-class:     77.84 MB used.
      Class:     11.44 MB used.
       Both:     89.28 MB used.

Virtual space:
  Non-class space:      128.00 MB reserved,      78.12 MB ( 61%) committed,  2 nodes.
      Class space:        1.00 GB reserved,      11.69 MB (  1%) committed,  1 nodes.
             Both:        1.12 GB reserved,      89.81 MB (  8%) committed. 

Chunk freelists:
   Non-Class:  1.78 MB
       Class:  4.35 MB
        Both:  6.13 MB

MaxMetaspaceSize: unlimited
CompressedClassSpaceSize: 1.00 GB
Initial GC threshold: 21.00 MB
Current GC threshold: 149.62 MB
CDS: off
MetaspaceReclaimPolicy: balanced
 - commit_granule_bytes: 65536.
 - commit_granule_words: 8192.
 - virtual_space_node_default_size: 8388608.
 - enlarge_chunks_in_place: 1.
 - new_chunks_are_fully_committed: 0.
 - uncommit_free_chunks: 1.
 - use_allocation_guard: 0.
 - handle_deallocations: 1.


Internal statistics:

num_allocs_failed_limit: 9.
num_arena_births: 1028.
num_arena_deaths: 338.
num_vsnodes_births: 3.
num_vsnodes_deaths: 0.
num_space_committed: 1437.
num_space_uncommitted: 0.
num_chunks_returned_to_freelist: 419.
num_chunks_taken_from_freelist: 4254.
num_chunk_merges: 121.
num_chunk_splits: 2840.
num_chunks_enlarged: 2182.
num_inconsistent_stats: 0.

CodeHeap 'non-profiled nmethods': size=120000Kb used=13306Kb max_used=13306Kb free=106693Kb
 bounds [0x00000233909f0000, 0x00000233916f0000, 0x0000023397f20000]
CodeHeap 'profiled nmethods': size=120000Kb used=20555Kb max_used=25214Kb free=99444Kb
 bounds [0x0000023388f20000, 0x000002338a7c0000, 0x0000023390450000]
CodeHeap 'non-nmethods': size=5760Kb used=1350Kb max_used=1436Kb free=4409Kb
 bounds [0x0000023390450000, 0x00000233906c0000, 0x00000233909f0000]
 total_blobs=12790 nmethods=12108 adapters=593
 compilation: enabled
              stopped_count=0, restarted_count=0
 full_count=0

Compilation events (20 events):
Event: 14025.535 Thread 0x00000233a301b340 nmethod 15549 0x00000233916e5610 code [0x00000233916e57a0, 0x00000233916e5898]
Event: 14025.629 Thread 0x00000233a301b340 15551       4       java.util.stream.Collectors$$Lambda$151/0x000000010016d288::accept (11 bytes)
Event: 14025.636 Thread 0x00000233a301b340 nmethod 15551 0x00000233916e5a10 code [0x00000233916e5be0, 0x00000233916e5f58]
Event: 14025.784 Thread 0x00000233a301b340 15552       4       java.nio.HeapCharBuffer::put (93 bytes)
Event: 14025.797 Thread 0x00000233a301b340 nmethod 15552 0x00000233916e6210 code [0x00000233916e63a0, 0x00000233916e68f8]
Event: 14025.818 Thread 0x00000233a301b340 15553       4       org.antlr.v4.runtime.BufferedTokenStream::setup (16 bytes)
Event: 14025.838 Thread 0x00000233a301b340 nmethod 15553 0x00000233916e6e10 code [0x00000233916e7020, 0x00000233916e77b8]
Event: 14026.133 Thread 0x00000233a301b340 15554   !   4       java.io.PrintStream::writeln (81 bytes)
Event: 14026.175 Thread 0x00000233a301b340 nmethod 15554 0x00000233916e7f90 code [0x00000233916e81c0, 0x00000233916e9950]
Event: 14026.445 Thread 0x00000233a301b340 15555       4       org.springframework.orm.jpa.ExtendedEntityManagerCreator::createProxy (77 bytes)
Event: 14026.455 Thread 0x00000233a301b340 nmethod 15555 0x00000233916ea810 code [0x00000233916ea9e0, 0x00000233916ead58]
Event: 14026.945 Thread 0x00000233a301b340 15556   !   4       org.springframework.beans.TypeConverterDelegate::convertIfNecessary (897 bytes)
Event: 14027.038 Thread 0x00000233a301b340 nmethod 15556 0x00000233916eb190 code [0x00000233916eb480, 0x00000233916ec980]
Event: 14027.038 Thread 0x00000233a301b340 15557       4       org.springframework.expression.spel.support.StandardEvaluationContext::<init> (50 bytes)
Event: 14027.052 Thread 0x00000233a301b340 nmethod 15557 0x00000233916edb10 code [0x00000233916edca0, 0x00000233916ee218]
Event: 14027.060 Thread 0x00000233a301b340 15558       4       org.hibernate.query.spi.AbstractSelectionQuery::afterQuery (51 bytes)
Event: 14027.062 Thread 0x00000233a301b340 nmethod 15558 0x00000233916ee390 code [0x00000233916ee500, 0x00000233916ee5b8]
Event: 14027.433 Thread 0x00000233a301b340 15559       4       java.util.ArrayList::hashCodeRange (68 bytes)
Event: 14027.437 Thread 0x00000233a301b340 nmethod 15559 0x00000233916ee690 code [0x00000233916ee820, 0x00000233916ee9f8]
Event: 14027.465 Thread 0x00000233a301b340 15560   !   4       org.hibernate.query.spi.AbstractSelectionQuery::list (78 bytes)

GC Heap History (20 events):
Event: 14010.590 GC heap before
{Heap before GC invocations=152 (full 0):
 garbage-first heap   total 140288K, used 121360K [0x00000000a1400000, 0x0000000100000000)
  region size 1024K, 82 young (83968K), 1 survivors (1024K)
 Metaspace       used 91417K, committed 91968K, reserved 1179648K
  class space    used 11710K, committed 11968K, reserved 1048576K
}
Event: 14010.593 GC heap after
{Heap after GC invocations=153 (full 0):
 garbage-first heap   total 140288K, used 39492K [0x00000000a1400000, 0x0000000100000000)
  region size 1024K, 1 young (1024K), 1 survivors (1024K)
 Metaspace       used 91417K, committed 91968K, reserved 1179648K
  class space    used 11710K, committed 11968K, reserved 1048576K
}
Event: 14011.980 GC heap before
{Heap before GC invocations=154 (full 0):
 garbage-first heap   total 140288K, used 121412K [0x00000000a1400000, 0x0000000100000000)
  region size 1024K, 82 young (83968K), 1 survivors (1024K)
 Metaspace       used 91419K, committed 91968K, reserved 1179648K
  class space    used 11711K, committed 11968K, reserved 1048576K
}
Event: 14011.981 GC heap after
{Heap after GC invocations=155 (full 0):
 garbage-first heap   total 140288K, used 39498K [0x00000000a1400000, 0x0000000100000000)
  region size 1024K, 1 young (1024K), 1 survivors (1024K)
 Metaspace       used 91419K, committed 91968K, reserved 1179648K
  class space    used 11711K, committed 11968K, reserved 1048576K
}
Event: 14013.475 GC heap before
{Heap before GC invocations=155 (full 0):
 garbage-first heap   total 140288K, used 121418K [0x00000000a1400000, 0x0000000100000000)
  region size 1024K, 82 young (83968K), 1 survivors (1024K)
 Metaspace       used 91419K, committed 91968K, reserved 1179648K
  class space    used 11711K, committed 11968K, reserved 1048576K
}
Event: 14013.478 GC heap after
{Heap after GC invocations=156 (full 0):
 garbage-first heap   total 140288K, used 39470K [0x00000000a1400000, 0x0000000100000000)
  region size 1024K, 1 young (1024K), 1 survivors (1024K)
 Metaspace       used 91419K, committed 91968K, reserved 1179648K
  class space    used 11711K, committed 11968K, reserved 1048576K
}
Event: 14014.954 GC heap before
{Heap before GC invocations=157 (full 0):
 garbage-first heap   total 140288K, used 121390K [0x00000000a1400000, 0x0000000100000000)
  region size 1024K, 83 young (84992K), 1 survivors (1024K)
 Metaspace       used 91419K, committed 91968K, reserved 1179648K
  class space    used 11711K, committed 11968K, reserved 1048576K
}
Event: 14014.956 GC heap after
{Heap after GC invocations=158 (full 0):
 garbage-first heap   total 140288K, used 39499K [0x00000000a1400000, 0x0000000100000000)
  region size 1024K, 1 young (1024K), 1 survivors (1024K)
 Metaspace       used 91419K, committed 91968K, reserved 1179648K
  class space    used 11711K, committed 11968K, reserved 1048576K
}
Event: 14016.914 GC heap before
{Heap before GC invocations=158 (full 0):
 garbage-first heap   total 140288K, used 121419K [0x00000000a1400000, 0x0000000100000000)
  region size 1024K, 82 young (83968K), 1 survivors (1024K)
 Metaspace       used 91419K, committed 91968K, reserved 1179648K
  class space    used 11711K, committed 11968K, reserved 1048576K
}
Event: 14016.916 GC heap after
{Heap after GC invocations=159 (full 0):
 garbage-first heap   total 140288K, used 39499K [0x00000000a1400000, 0x0000000100000000)
  region size 1024K, 1 young (1024K), 1 survivors (1024K)
 Metaspace       used 91419K, committed 91968K, reserved 1179648K
  class space    used 11711K, committed 11968K, reserved 1048576K
}
Event: 14018.647 GC heap before
{Heap before GC invocations=160 (full 0):
 garbage-first heap   total 140288K, used 121419K [0x00000000a1400000, 0x0000000100000000)
  region size 1024K, 82 young (83968K), 1 survivors (1024K)
 Metaspace       used 91419K, committed 91968K, reserved 1179648K
  class space    used 11711K, committed 11968K, reserved 1048576K
}
Event: 14018.649 GC heap after
{Heap after GC invocations=161 (full 0):
 garbage-first heap   total 140288K, used 39449K [0x00000000a1400000, 0x0000000100000000)
  region size 1024K, 1 young (1024K), 1 survivors (1024K)
 Metaspace       used 91419K, committed 91968K, reserved 1179648K
  class space    used 11711K, committed 11968K, reserved 1048576K
}
Event: 14020.527 GC heap before
{Heap before GC invocations=161 (full 0):
 garbage-first heap   total 140288K, used 121369K [0x00000000a1400000, 0x0000000100000000)
  region size 1024K, 82 young (83968K), 1 survivors (1024K)
 Metaspace       used 91419K, committed 91968K, reserved 1179648K
  class space    used 11711K, committed 11968K, reserved 1048576K
}
Event: 14020.529 GC heap after
{Heap after GC invocations=162 (full 0):
 garbage-first heap   total 140288K, used 39407K [0x00000000a1400000, 0x0000000100000000)
  region size 1024K, 1 young (1024K), 1 survivors (1024K)
 Metaspace       used 91419K, committed 91968K, reserved 1179648K
  class space    used 11711K, committed 11968K, reserved 1048576K
}
Event: 14022.960 GC heap before
{Heap before GC invocations=163 (full 0):
 garbage-first heap   total 140288K, used 121327K [0x00000000a1400000, 0x0000000100000000)
  region size 1024K, 82 young (83968K), 1 survivors (1024K)
 Metaspace       used 91419K, committed 91968K, reserved 1179648K
  class space    used 11711K, committed 11968K, reserved 1048576K
}
Event: 14022.962 GC heap after
{Heap after GC invocations=164 (full 0):
 garbage-first heap   total 140288K, used 39517K [0x00000000a1400000, 0x0000000100000000)
  region size 1024K, 1 young (1024K), 1 survivors (1024K)
 Metaspace       used 91419K, committed 91968K, reserved 1179648K
  class space    used 11711K, committed 11968K, reserved 1048576K
}
Event: 14024.546 GC heap before
{Heap before GC invocations=164 (full 0):
 garbage-first heap   total 140288K, used 122461K [0x00000000a1400000, 0x0000000100000000)
  region size 1024K, 82 young (83968K), 1 survivors (1024K)
 Metaspace       used 91419K, committed 91968K, reserved 1179648K
  class space    used 11711K, committed 11968K, reserved 1048576K
}
Event: 14024.549 GC heap after
{Heap after GC invocations=165 (full 0):
 garbage-first heap   total 140288K, used 39467K [0x00000000a1400000, 0x0000000100000000)
  region size 1024K, 1 young (1024K), 1 survivors (1024K)
 Metaspace       used 91419K, committed 91968K, reserved 1179648K
  class space    used 11711K, committed 11968K, reserved 1048576K
}
Event: 14027.041 GC heap before
{Heap before GC invocations=166 (full 0):
 garbage-first heap   total 140288K, used 121387K [0x00000000a1400000, 0x0000000100000000)
  region size 1024K, 82 young (83968K), 1 survivors (1024K)
 Metaspace       used 91419K, committed 91968K, reserved 1179648K
  class space    used 11711K, committed 11968K, reserved 1048576K
}
Event: 14027.044 GC heap after
{Heap after GC invocations=167 (full 0):
 garbage-first heap   total 140288K, used 39794K [0x00000000a1400000, 0x0000000100000000)
  region size 1024K, 1 young (1024K), 1 survivors (1024K)
 Metaspace       used 91419K, committed 91968K, reserved 1179648K
  class space    used 11711K, committed 11968K, reserved 1048576K
}

Dll operation events (9 events):
Event: 0.020 Loaded shared library C:\Users\sante\.p2\pool\plugins\org.eclipse.justj.openjdk.hotspot.jre.full.win32.x86_64_17.0.7.v20230425-1502\jre\bin\java.dll
Event: 0.785 Loaded shared library C:\Users\sante\.p2\pool\plugins\org.eclipse.justj.openjdk.hotspot.jre.full.win32.x86_64_17.0.7.v20230425-1502\jre\bin\net.dll
Event: 0.791 Loaded shared library C:\Users\sante\.p2\pool\plugins\org.eclipse.justj.openjdk.hotspot.jre.full.win32.x86_64_17.0.7.v20230425-1502\jre\bin\nio.dll
Event: 0.813 Loaded shared library C:\Users\sante\.p2\pool\plugins\org.eclipse.justj.openjdk.hotspot.jre.full.win32.x86_64_17.0.7.v20230425-1502\jre\bin\zip.dll
Event: 1.213 Loaded shared library C:\Users\sante\.p2\pool\plugins\org.eclipse.justj.openjdk.hotspot.jre.full.win32.x86_64_17.0.7.v20230425-1502\jre\bin\jimage.dll
Event: 2.250 Loaded shared library C:\Users\sante\.p2\pool\plugins\org.eclipse.justj.openjdk.hotspot.jre.full.win32.x86_64_17.0.7.v20230425-1502\jre\bin\management.dll
Event: 2.255 Loaded shared library C:\Users\sante\.p2\pool\plugins\org.eclipse.justj.openjdk.hotspot.jre.full.win32.x86_64_17.0.7.v20230425-1502\jre\bin\management_ext.dll
Event: 9.184 Loaded shared library C:\Users\sante\.p2\pool\plugins\org.eclipse.justj.openjdk.hotspot.jre.full.win32.x86_64_17.0.7.v20230425-1502\jre\bin\sunmscapi.dll
Event: 11.661 Loaded shared library C:\Users\sante\.p2\pool\plugins\org.eclipse.justj.openjdk.hotspot.jre.full.win32.x86_64_17.0.7.v20230425-1502\jre\bin\verify.dll

Deoptimization events (20 events):
Event: 13985.334 Thread 0x00000233a417aaf0 Uncommon trap: trap_request=0xffffffc6 fr.pc=0x000002339152cfd0 relative=0x0000000000001f90
Event: 13985.334 Thread 0x00000233a417aaf0 Uncommon trap: reason=bimorphic_or_optimized_type_check action=maybe_recompile pc=0x000002339152cfd0 method=java.util.Collections$UnmodifiableCollection.contains(Ljava/lang/Object;)Z @ 5 c2
Event: 13985.334 Thread 0x00000233a417aaf0 DEOPT PACKING pc=0x000002339152cfd0 sp=0x000000619a9fcbf0
Event: 13985.334 Thread 0x00000233a417aaf0 DEOPT UNPACKING pc=0x00000233904a69a3 sp=0x000000619a9fc8c8 mode 2
Event: 13985.335 Thread 0x00000233a417aaf0 Uncommon trap: trap_request=0xffffffc6 fr.pc=0x000002339152cfd0 relative=0x0000000000001f90
Event: 13985.335 Thread 0x00000233a417aaf0 Uncommon trap: reason=bimorphic_or_optimized_type_check action=maybe_recompile pc=0x000002339152cfd0 method=java.util.Collections$UnmodifiableCollection.contains(Ljava/lang/Object;)Z @ 5 c2
Event: 13985.335 Thread 0x00000233a417aaf0 DEOPT PACKING pc=0x000002339152cfd0 sp=0x000000619a9fbb70
Event: 13985.335 Thread 0x00000233a417aaf0 DEOPT UNPACKING pc=0x00000233904a69a3 sp=0x000000619a9fb848 mode 2
Event: 13985.353 Thread 0x00000233a4173c40 Uncommon trap: trap_request=0xffffffc6 fr.pc=0x000002339152cfd0 relative=0x0000000000001f90
Event: 13985.353 Thread 0x00000233a4173c40 Uncommon trap: reason=bimorphic_or_optimized_type_check action=maybe_recompile pc=0x000002339152cfd0 method=java.util.Collections$UnmodifiableCollection.contains(Ljava/lang/Object;)Z @ 5 c2
Event: 13985.353 Thread 0x00000233a4173c40 DEOPT PACKING pc=0x000002339152cfd0 sp=0x000000619a6fcc20
Event: 13985.353 Thread 0x00000233a4173c40 DEOPT UNPACKING pc=0x00000233904a69a3 sp=0x000000619a6fc8f8 mode 2
Event: 13985.355 Thread 0x00000233a4173c40 Uncommon trap: trap_request=0xffffffc6 fr.pc=0x000002339152cfd0 relative=0x0000000000001f90
Event: 13985.355 Thread 0x00000233a4173c40 Uncommon trap: reason=bimorphic_or_optimized_type_check action=maybe_recompile pc=0x000002339152cfd0 method=java.util.Collections$UnmodifiableCollection.contains(Ljava/lang/Object;)Z @ 5 c2
Event: 13985.355 Thread 0x00000233a4173c40 DEOPT PACKING pc=0x000002339152cfd0 sp=0x000000619a6fbba0
Event: 13985.355 Thread 0x00000233a4173c40 DEOPT UNPACKING pc=0x00000233904a69a3 sp=0x000000619a6fb878 mode 2
Event: 14016.895 Thread 0x00000233a4177130 Uncommon trap: trap_request=0xffffff45 fr.pc=0x0000023391655a70 relative=0x0000000000001330
Event: 14016.895 Thread 0x00000233a4177130 Uncommon trap: reason=unstable_if action=reinterpret pc=0x0000023391655a70 method=sun.nio.ch.WEPollSelectorImpl.wakeup()Ljava/nio/channels/Selector; @ 11 c2
Event: 14016.896 Thread 0x00000233a4177130 DEOPT PACKING pc=0x0000023391655a70 sp=0x000000619a2fede0
Event: 14016.896 Thread 0x00000233a4177130 DEOPT UNPACKING pc=0x00000233904a69a3 sp=0x000000619a2febc0 mode 2

Classes unloaded (20 events):
Event: 13952.871 Thread 0x000002339ec8e7d0 Unloading class 0x0000000100ba7c00 'java/lang/invoke/LambdaForm$MH+0x0000000100ba7c00'
Event: 13952.871 Thread 0x000002339ec8e7d0 Unloading class 0x0000000100ba7400 'java/lang/invoke/LambdaForm$MH+0x0000000100ba7400'
Event: 13952.871 Thread 0x000002339ec8e7d0 Unloading class 0x0000000100ba8400 'java/lang/invoke/LambdaForm$MH+0x0000000100ba8400'
Event: 13952.871 Thread 0x000002339ec8e7d0 Unloading class 0x0000000100ba7000 'java/lang/invoke/LambdaForm$MH+0x0000000100ba7000'
Event: 13952.871 Thread 0x000002339ec8e7d0 Unloading class 0x0000000100ba7800 'java/lang/invoke/LambdaForm$MH+0x0000000100ba7800'
Event: 13952.871 Thread 0x000002339ec8e7d0 Unloading class 0x0000000100ba6000 'java/lang/invoke/LambdaForm$MH+0x0000000100ba6000'
Event: 13952.871 Thread 0x000002339ec8e7d0 Unloading class 0x0000000100ba6800 'java/lang/invoke/LambdaForm$MH+0x0000000100ba6800'
Event: 13952.871 Thread 0x000002339ec8e7d0 Unloading class 0x0000000100ba6400 'java/lang/invoke/LambdaForm$MH+0x0000000100ba6400'
Event: 13952.871 Thread 0x000002339ec8e7d0 Unloading class 0x0000000100ba5800 'java/lang/invoke/LambdaForm$MH+0x0000000100ba5800'
Event: 13952.871 Thread 0x000002339ec8e7d0 Unloading class 0x0000000100ba5c00 'java/lang/invoke/LambdaForm$MH+0x0000000100ba5c00'
Event: 13952.871 Thread 0x000002339ec8e7d0 Unloading class 0x0000000100ba5000 'java/lang/invoke/LambdaForm$MH+0x0000000100ba5000'
Event: 13952.871 Thread 0x000002339ec8e7d0 Unloading class 0x0000000100ba4800 'java/lang/invoke/LambdaForm$MH+0x0000000100ba4800'
Event: 13952.871 Thread 0x000002339ec8e7d0 Unloading class 0x0000000100ba4c00 'java/lang/invoke/LambdaForm$MH+0x0000000100ba4c00'
Event: 13952.871 Thread 0x000002339ec8e7d0 Unloading class 0x0000000100ba4400 'java/lang/invoke/LambdaForm$MH+0x0000000100ba4400'
Event: 13952.871 Thread 0x000002339ec8e7d0 Unloading class 0x000000010009cc00 'java/lang/invoke/LambdaForm$MH+0x000000010009cc00'
Event: 13952.871 Thread 0x000002339ec8e7d0 Unloading class 0x000000010009d400 'java/lang/invoke/LambdaForm$MH+0x000000010009d400'
Event: 13952.871 Thread 0x000002339ec8e7d0 Unloading class 0x0000000100b90c00 'java/lang/invoke/LambdaForm$MH+0x0000000100b90c00'
Event: 13952.871 Thread 0x000002339ec8e7d0 Unloading class 0x000000010009c000 'java/lang/invoke/LambdaForm$MH+0x000000010009c000'
Event: 13952.871 Thread 0x000002339ec8e7d0 Unloading class 0x000000010009c800 'java/lang/invoke/LambdaForm$MH+0x000000010009c800'
Event: 13952.871 Thread 0x000002339ec8e7d0 Unloading class 0x000000010009d000 'java/lang/invoke/LambdaForm$MH+0x000000010009d000'

Classes redefined (0 events):
No events

Internal exceptions (20 events):
Event: 4520.670 Thread 0x00000233a417a620 Implicit null exception at 0x0000023390c01511 to 0x0000023390c01a4c
Event: 5398.202 Thread 0x00000233a4399630 Implicit null exception at 0x0000023390c30490 to 0x0000023390c30724
Event: 5399.206 Thread 0x00000233a4399630 Implicit null exception at 0x0000023390c30490 to 0x0000023390c30724
Event: 5400.216 Thread 0x00000233a4399630 Implicit null exception at 0x0000023390c30490 to 0x0000023390c30724
Event: 5401.212 Thread 0x00000233a4399630 Implicit null exception at 0x0000023390c30490 to 0x0000023390c30724
Event: 13159.236 Thread 0x00000233a4179c80 Implicit null exception at 0x0000023390c943c7 to 0x0000023390c98cb0
Event: 13936.547 Thread 0x00000233a4173c40 Exception <a 'java/lang/reflect/InvocationTargetException'{0x00000000a6396ca0}> (0x00000000a6396ca0) 
thrown [s\src\hotspot\share\runtime\reflection.cpp, line 1121]
Event: 13936.548 Thread 0x00000233a4176790 Exception <a 'java/lang/reflect/InvocationTargetException'{0x00000000a637dea0}> (0x00000000a637dea0) 
thrown [s\src\hotspot\share\runtime\reflection.cpp, line 1121]
Event: 13936.548 Thread 0x00000233a4176790 Exception <a 'java/lang/reflect/InvocationTargetException'{0x00000000a637e968}> (0x00000000a637e968) 
thrown [s\src\hotspot\share\runtime\reflection.cpp, line 1121]
Event: 13936.548 Thread 0x00000233a4173c40 Exception <a 'java/lang/reflect/InvocationTargetException'{0x00000000a6397768}> (0x00000000a6397768) 
thrown [s\src\hotspot\share\runtime\reflection.cpp, line 1121]
Event: 13936.547 Thread 0x00000233a4175450 Exception <a 'java/lang/reflect/InvocationTargetException'{0x00000000a6369b80}> (0x00000000a6369b80) 
thrown [s\src\hotspot\share\runtime\reflection.cpp, line 1121]
Event: 13936.549 Thread 0x00000233a4175450 Exception <a 'java/lang/reflect/InvocationTargetException'{0x00000000a63ce748}> (0x00000000a63ce748) 
thrown [s\src\hotspot\share\runtime\reflection.cpp, line 1121]
Event: 13936.555 Thread 0x00000233a4177600 Exception <a 'java/lang/reflect/InvocationTargetException'{0x00000000a63f0958}> (0x00000000a63f0958) 
thrown [s\src\hotspot\share\runtime\reflection.cpp, line 1121]
Event: 13936.556 Thread 0x00000233a4177600 Exception <a 'java/lang/reflect/InvocationTargetException'{0x00000000a63f1420}> (0x00000000a63f1420) 
thrown [s\src\hotspot\share\runtime\reflection.cpp, line 1121]
Event: 13936.593 Thread 0x00000233a41797b0 Exception <a 'java/lang/reflect/InvocationTargetException'{0x00000000a62342e8}> (0x00000000a62342e8) 
thrown [s\src\hotspot\share\runtime\reflection.cpp, line 1121]
Event: 13936.593 Thread 0x00000233a41797b0 Exception <a 'java/lang/reflect/InvocationTargetException'{0x00000000a6234db0}> (0x00000000a6234db0) 
thrown [s\src\hotspot\share\runtime\reflection.cpp, line 1121]
Event: 13936.661 Thread 0x00000233a41797b0 Implicit null exception at 0x0000023390d1f630 to 0x0000023390d1f6e0
Event: 13936.661 Thread 0x00000233a4177600 Implicit null exception at 0x0000023390d1f630 to 0x0000023390d1f6e0
Event: 13936.661 Thread 0x00000233a4176790 Implicit null exception at 0x0000023390d1f630 to 0x0000023390d1f6e0
Event: 13936.661 Thread 0x00000233a4173c40 Implicit null exception at 0x0000023390d1f630 to 0x0000023390d1f6e0

VM Operations (20 events):
Event: 14020.645 Executing VM operation: G1Concurrent
Event: 14020.645 Executing VM operation: G1Concurrent done
Event: 14021.651 Executing VM operation: Cleanup
Event: 14021.651 Executing VM operation: Cleanup done
Event: 14022.664 Executing VM operation: Cleanup
Event: 14022.664 Executing VM operation: Cleanup done
Event: 14022.959 Executing VM operation: G1CollectForAllocation
Event: 14022.962 Executing VM operation: G1CollectForAllocation done
Event: 14023.972 Executing VM operation: Cleanup
Event: 14023.972 Executing VM operation: Cleanup done
Event: 14024.546 Executing VM operation: G1CollectForAllocation
Event: 14024.551 Executing VM operation: G1CollectForAllocation done
Event: 14024.625 Executing VM operation: G1Concurrent
Event: 14024.634 Executing VM operation: G1Concurrent done
Event: 14024.669 Executing VM operation: G1Concurrent
Event: 14024.675 Executing VM operation: G1Concurrent done
Event: 14025.685 Executing VM operation: Cleanup
Event: 14025.687 Executing VM operation: Cleanup done
Event: 14027.041 Executing VM operation: G1CollectForAllocation
Event: 14027.044 Executing VM operation: G1CollectForAllocation done

Events (20 events):
Event: 13972.588 Thread 0x00000233a3070b40 flushing nmethod 0x000002338a544a90
Event: 13972.588 Thread 0x00000233a3070b40 flushing nmethod 0x000002338a552190
Event: 13972.589 Thread 0x00000233a3070b40 flushing nmethod 0x000002338a56a990
Event: 13972.589 Thread 0x00000233a3070b40 flushing nmethod 0x000002338a571710
Event: 13972.589 Thread 0x00000233a3070b40 flushing nmethod 0x000002338a581110
Event: 13972.589 Thread 0x00000233a3070b40 flushing nmethod 0x000002338a597d10
Event: 13972.590 Thread 0x00000233a3070b40 flushing nmethod 0x000002338a639c10
Event: 13972.591 Thread 0x00000233a3070b40 flushing nmethod 0x000002338a65f990
Event: 13972.591 Thread 0x00000233a3070b40 flushing nmethod 0x000002338a66d490
Event: 13972.591 Thread 0x00000233a3070b40 flushing nmethod 0x000002338a696b90
Event: 13973.208 Thread 0x00000233a8e82580 Thread exited: 0x00000233a8e82580
Event: 13983.833 Thread 0x00000233a8e82580 Thread added: 0x00000233a8e82580
Event: 13984.871 Thread 0x00000233a8e82580 Thread exited: 0x00000233a8e82580
Event: 13989.969 Thread 0x00000233aa46ebf0 Thread added: 0x00000233aa46ebf0
Event: 13992.225 Thread 0x00000233aa46ebf0 Thread exited: 0x00000233aa46ebf0
Event: 13996.432 Thread 0x00000233a3070b40 flushing nmethod 0x0000023389e9f890
Event: 13996.432 Thread 0x00000233a3070b40 flushing nmethod 0x0000023389eedc10
Event: 13996.432 Thread 0x00000233a3070b40 flushing nmethod 0x0000023389ef6b10
Event: 13996.432 Thread 0x00000233a3070b40 flushing nmethod 0x0000023389f35e90
Event: 13996.442 Thread 0x00000233a3070b40 flushing nmethod 0x000002338a6f5310


Dynamic libraries:
0x00007ff7a68c0000 - 0x00007ff7a68ce000 	C:\Users\sante\.p2\pool\plugins\org.eclipse.justj.openjdk.hotspot.jre.full.win32.x86_64_17.0.7.v20230425-1502\jre\bin\javaw.exe
0x00007ffd847f0000 - 0x00007ffd84a04000 	C:\WINDOWS\SYSTEM32\ntdll.dll
0x00007ffd84070000 - 0x00007ffd84134000 	C:\WINDOWS\System32\KERNEL32.DLL
0x00007ffd81e80000 - 0x00007ffd82224000 	C:\WINDOWS\System32\KERNELBASE.dll
0x00007ffd81cc0000 - 0x00007ffd81dd1000 	C:\WINDOWS\System32\ucrtbase.dll
0x00007ffd71aa0000 - 0x00007ffd71ab7000 	C:\Users\sante\.p2\pool\plugins\org.eclipse.justj.openjdk.hotspot.jre.full.win32.x86_64_17.0.7.v20230425-1502\jre\bin\jli.dll
0x00007ffd84430000 - 0x00007ffd845de000 	C:\WINDOWS\System32\USER32.dll
0x00007ffd686d0000 - 0x00007ffd686e9000 	C:\Users\sante\.p2\pool\plugins\org.eclipse.justj.openjdk.hotspot.jre.full.win32.x86_64_17.0.7.v20230425-1502\jre\bin\VCRUNTIME140.dll
0x00007ffd82230000 - 0x00007ffd82256000 	C:\WINDOWS\System32\win32u.dll
0x00007ffd83710000 - 0x00007ffd83739000 	C:\WINDOWS\System32\GDI32.dll
0x00007ffd81ba0000 - 0x00007ffd81cb8000 	C:\WINDOWS\System32\gdi32full.dll
0x00007ffd81de0000 - 0x00007ffd81e7a000 	C:\WINDOWS\System32\msvcp_win.dll
0x00007ffd76af0000 - 0x00007ffd76d83000 	C:\WINDOWS\WinSxS\amd64_microsoft.windows.common-controls_6595b64144ccf1df_6.0.22621.2215_none_270d72677387dfc3\COMCTL32.dll
0x00007ffd84700000 - 0x00007ffd847a7000 	C:\WINDOWS\System32\msvcrt.dll
0x00007ffd843f0000 - 0x00007ffd84421000 	C:\WINDOWS\System32\IMM32.DLL
0x00007ffd70ef0000 - 0x00007ffd70efc000 	C:\Users\sante\.p2\pool\plugins\org.eclipse.justj.openjdk.hotspot.jre.full.win32.x86_64_17.0.7.v20230425-1502\jre\bin\vcruntime140_1.dll
0x00007ffd5cdd0000 - 0x00007ffd5ce61000 	C:\Users\sante\.p2\pool\plugins\org.eclipse.justj.openjdk.hotspot.jre.full.win32.x86_64_17.0.7.v20230425-1502\jre\bin\msvcp140.dll
0x00007ffd3e470000 - 0x00007ffd3f0b8000 	C:\Users\sante\.p2\pool\plugins\org.eclipse.justj.openjdk.hotspot.jre.full.win32.x86_64_17.0.7.v20230425-1502\jre\bin\server\jvm.dll
0x00007ffd842c0000 - 0x00007ffd84370000 	C:\WINDOWS\System32\ADVAPI32.dll
0x00007ffd841c0000 - 0x00007ffd84266000 	C:\WINDOWS\System32\sechost.dll
0x00007ffd845e0000 - 0x00007ffd846f7000 	C:\WINDOWS\System32\RPCRT4.dll
0x00007ffd65d50000 - 0x00007ffd65d59000 	C:\WINDOWS\SYSTEM32\WSOCK32.dll
0x00007ffd84370000 - 0x00007ffd843e1000 	C:\WINDOWS\System32\WS2_32.dll
0x00007ffd7b1e0000 - 0x00007ffd7b214000 	C:\WINDOWS\SYSTEM32\WINMM.dll
0x00007ffd79fa0000 - 0x00007ffd79faa000 	C:\WINDOWS\SYSTEM32\VERSION.dll
0x00007ffd80bf0000 - 0x00007ffd80c08000 	C:\WINDOWS\SYSTEM32\kernel.appcore.dll
0x00007ffd7d590000 - 0x00007ffd7d59a000 	C:\Users\sante\.p2\pool\plugins\org.eclipse.justj.openjdk.hotspot.jre.full.win32.x86_64_17.0.7.v20230425-1502\jre\bin\jimage.dll
0x00007ffd720a0000 - 0x00007ffd722ce000 	C:\WINDOWS\SYSTEM32\DBGHELP.DLL
0x00007ffd83cc0000 - 0x00007ffd8404a000 	C:\WINDOWS\System32\combase.dll
0x00007ffd83290000 - 0x00007ffd83367000 	C:\WINDOWS\System32\OLEAUT32.dll
0x00007ffd76450000 - 0x00007ffd76482000 	C:\WINDOWS\SYSTEM32\dbgcore.DLL
0x00007ffd823d0000 - 0x00007ffd8244a000 	C:\WINDOWS\System32\bcryptPrimitives.dll
0x00007ffd68fe0000 - 0x00007ffd69005000 	C:\Users\sante\.p2\pool\plugins\org.eclipse.justj.openjdk.hotspot.jre.full.win32.x86_64_17.0.7.v20230425-1502\jre\bin\java.dll
0x00007ffd71480000 - 0x00007ffd71498000 	C:\Users\sante\.p2\pool\plugins\org.eclipse.justj.openjdk.hotspot.jre.full.win32.x86_64_17.0.7.v20230425-1502\jre\bin\zip.dll
0x00007ffd82680000 - 0x00007ffd82ea3000 	C:\WINDOWS\System32\SHELL32.dll
0x00007ffd7fb30000 - 0x00007ffd8041a000 	C:\WINDOWS\SYSTEM32\windows.storage.dll
0x00007ffd7f9f0000 - 0x00007ffd7fb2e000 	C:\WINDOWS\SYSTEM32\wintypes.dll
0x00007ffd83190000 - 0x00007ffd83283000 	C:\WINDOWS\System32\SHCORE.dll
0x00007ffd836b0000 - 0x00007ffd8370e000 	C:\WINDOWS\System32\shlwapi.dll
0x00007ffd81ad0000 - 0x00007ffd81af6000 	C:\WINDOWS\SYSTEM32\profapi.dll
0x00007ffd6c8a0000 - 0x00007ffd6c8b9000 	C:\Users\sante\.p2\pool\plugins\org.eclipse.justj.openjdk.hotspot.jre.full.win32.x86_64_17.0.7.v20230425-1502\jre\bin\net.dll
0x00007ffd7ae80000 - 0x00007ffd7afb7000 	C:\WINDOWS\SYSTEM32\WINHTTP.dll
0x00007ffd81070000 - 0x00007ffd810d9000 	C:\WINDOWS\system32\mswsock.dll
0x00007ffd6bbc0000 - 0x00007ffd6bbd5000 	C:\Users\sante\.p2\pool\plugins\org.eclipse.justj.openjdk.hotspot.jre.full.win32.x86_64_17.0.7.v20230425-1502\jre\bin\nio.dll
0x00007ffd70c10000 - 0x00007ffd70c19000 	C:\Users\sante\.p2\pool\plugins\org.eclipse.justj.openjdk.hotspot.jre.full.win32.x86_64_17.0.7.v20230425-1502\jre\bin\management.dll
0x00007ffd6ff30000 - 0x00007ffd6ff3b000 	C:\Users\sante\.p2\pool\plugins\org.eclipse.justj.openjdk.hotspot.jre.full.win32.x86_64_17.0.7.v20230425-1502\jre\bin\management_ext.dll
0x00007ffd82ec0000 - 0x00007ffd82ec8000 	C:\WINDOWS\System32\PSAPI.DLL
0x00007ffd812d0000 - 0x00007ffd812eb000 	C:\WINDOWS\SYSTEM32\CRYPTSP.dll
0x00007ffd80b60000 - 0x00007ffd80b95000 	C:\WINDOWS\system32\rsaenh.dll
0x00007ffd81160000 - 0x00007ffd8118c000 	C:\WINDOWS\SYSTEM32\USERENV.dll
0x00007ffd81480000 - 0x00007ffd814a8000 	C:\WINDOWS\SYSTEM32\bcrypt.dll
0x00007ffd812c0000 - 0x00007ffd812cc000 	C:\WINDOWS\SYSTEM32\CRYPTBASE.dll
0x00007ffd80680000 - 0x00007ffd806ad000 	C:\WINDOWS\SYSTEM32\IPHLPAPI.DLL
0x00007ffd82eb0000 - 0x00007ffd82eb9000 	C:\WINDOWS\System32\NSI.dll
0x00007ffd7b230000 - 0x00007ffd7b249000 	C:\WINDOWS\SYSTEM32\dhcpcsvc6.DLL
0x00007ffd7a600000 - 0x00007ffd7a61f000 	C:\WINDOWS\SYSTEM32\dhcpcsvc.DLL
0x00007ffd806f0000 - 0x00007ffd807e2000 	C:\WINDOWS\SYSTEM32\DNSAPI.dll
0x00007ffd75f70000 - 0x00007ffd75f7e000 	C:\Users\sante\.p2\pool\plugins\org.eclipse.justj.openjdk.hotspot.jre.full.win32.x86_64_17.0.7.v20230425-1502\jre\bin\sunmscapi.dll
0x00007ffd82260000 - 0x00007ffd823c6000 	C:\WINDOWS\System32\CRYPT32.dll
0x00007ffd81450000 - 0x00007ffd8147e000 	C:\WINDOWS\SYSTEM32\ncrypt.dll
0x00007ffd81410000 - 0x00007ffd81447000 	C:\WINDOWS\SYSTEM32\NTASN1.dll
0x00007ffd76490000 - 0x00007ffd764a0000 	C:\Users\sante\.p2\pool\plugins\org.eclipse.justj.openjdk.hotspot.jre.full.win32.x86_64_17.0.7.v20230425-1502\jre\bin\verify.dll
0x00007ffd6a090000 - 0x00007ffd6a09a000 	C:\Windows\System32\rasadhlp.dll
0x00007ffd790a0000 - 0x00007ffd79124000 	C:\WINDOWS\System32\fwpuclnt.dll
0x00007ffd58c00000 - 0x00007ffd58c08000 	C:\WINDOWS\system32\wshunix.dll

dbghelp: loaded successfully - version: 4.0.5 - missing functions: none
symbol engine: initialized successfully - sym options: 0x614 - pdb path: .;C:\Users\sante\.p2\pool\plugins\org.eclipse.justj.openjdk.hotspot.jre.full.win32.x86_64_17.0.7.v20230425-1502\jre\bin;C:\WINDOWS\SYSTEM32;C:\WINDOWS\WinSxS\amd64_microsoft.windows.common-controls_6595b64144ccf1df_6.0.22621.2215_none_270d72677387dfc3;C:\Users\sante\.p2\pool\plugins\org.eclipse.justj.openjdk.hotspot.jre.full.win32.x86_64_17.0.7.v20230425-1502\jre\bin\server

VM Arguments:
jvm_args: -Dfile.encoding=UTF-8 -XX:+ShowCodeDetailsInExceptionMessages 
java_command: com.davincibiotech.DaVinciBioTechBE.DaVinciBioTechBeApplication
java_class_path (initial): C:\Users\sante\OneDrive\Desktop\Epicode\Epicode_FS0223\DaVinciBioTech\DaVinciBioTech\DaVinciBioTechBE\target\classes;C:\Users\sante\.m2\repository\org\springframework\boot\spring-boot-starter-data-jpa\3.1.3\spring-boot-starter-data-jpa-3.1.3.jar;C:\Users\sante\.m2\repository\org\springframework\boot\spring-boot-starter-aop\3.1.3\spring-boot-starter-aop-3.1.3.jar;C:\Users\sante\.m2\repository\org\aspectj\aspectjweaver\1.9.20\aspectjweaver-1.9.20.jar;C:\Users\sante\.m2\repository\org\springframework\boot\spring-boot-starter-jdbc\3.1.3\spring-boot-starter-jdbc-3.1.3.jar;C:\Users\sante\.m2\repository\com\zaxxer\HikariCP\5.0.1\HikariCP-5.0.1.jar;C:\Users\sante\.m2\repository\org\springframework\spring-jdbc\6.0.11\spring-jdbc-6.0.11.jar;C:\Users\sante\.m2\repository\org\hibernate\orm\hibernate-core\6.2.7.Final\hibernate-core-6.2.7.Final.jar;C:\Users\sante\.m2\repository\jakarta\persistence\jakarta.persistence-api\3.1.0\jakarta.persistence-api-3.1.0.jar;C:\Users\sante\.m2\repository\jakarta\transaction\jakarta.transaction-api\2.0.1\jakarta.transaction-api-2.0.1.jar;C:\Users\sante\.m2\repository\org\jboss\logging\jboss-logging\3.5.3.Final\jboss-logging-3.5.3.Final.jar;C:\Users\sante\.m2\repository\org\hibernate\common\hibernate-commons-annotations\6.0.6.Final\hibernate-commons-annotations-6.0.6.Final.jar;C:\Users\sante\.m2\repository\io\smallrye\jandex\3.0.5\jandex-3.0.5.jar;C:\Users\sante\.m2\repository\com\fasterxml\classmate\1.5.1\classmate-1.5.1.jar;C:\Users\sante\.m2\repository\net\bytebuddy\byte-buddy\1.14.6\byte-buddy-1.14.6.jar;C:\Users\sante\.m2\repository\org\glassfish\jaxb\jaxb-runtime\4.0.3\jaxb-runtime-4.0.3.jar;C:\Users\sante\.m2\repository\org\glassfish\jaxb\jaxb-core\4.0.3\jaxb-core-4.0.3.jar;C:\Users\sante\.m2\repository\org\eclipse\angus\angus-activation\2.0.1\angus-activation-2.0.1.jar;C:\Users\sante\.m2\repository\org\glassfish\jaxb\txw2\4.0.3\txw2-4.0.3.jar;C:\Users\sante\.m2\repository\com\sun\istack\istack-commons-runtime\
Launcher Type: SUN_STANDARD

[Global flags]
     intx CICompilerCount                          = 4                                         {product} {ergonomic}
     uint ConcGCThreads                            = 2                                         {product} {ergonomic}
     uint G1ConcRefinementThreads                  = 8                                         {product} {ergonomic}
   size_t G1HeapRegionSize                         = 1048576                                   {product} {ergonomic}
    uintx GCDrainStackTargetSize                   = 64                                        {product} {ergonomic}
   size_t InitialHeapSize                          = 100663296                                 {product} {ergonomic}
   size_t MarkStackSize                            = 4194304                                   {product} {ergonomic}
   size_t MaxHeapSize                              = 1589641216                                {product} {ergonomic}
   size_t MaxNewSize                               = 953155584                                 {product} {ergonomic}
   size_t MinHeapDeltaBytes                        = 1048576                                   {product} {ergonomic}
   size_t MinHeapSize                              = 8388608                                   {product} {ergonomic}
    uintx NonNMethodCodeHeapSize                   = 5839372                                {pd product} {ergonomic}
    uintx NonProfiledCodeHeapSize                  = 122909434                              {pd product} {ergonomic}
    uintx ProfiledCodeHeapSize                     = 122909434                              {pd product} {ergonomic}
    uintx ReservedCodeCacheSize                    = 251658240                              {pd product} {ergonomic}
     bool SegmentedCodeCache                       = true                                      {product} {ergonomic}
     bool ShowCodeDetailsInExceptionMessages       = true                                   {manageable} {command line}
   size_t SoftMaxHeapSize                          = 1589641216                             {manageable} {ergonomic}
     bool UseCompressedClassPointers               = true                           {product lp64_product} {ergonomic}
     bool UseCompressedOops                        = true                           {product lp64_product} {ergonomic}
     bool UseG1GC                                  = true                                      {product} {ergonomic}
     bool UseLargePagesIndividualAllocation        = false                                  {pd product} {ergonomic}

Logging:
Log output configuration:
 #0: stdout all=warning uptime,level,tags
 #1: stderr all=off uptime,level,tags

Environment Variables:
PATH=C:/Users/sante/.p2/pool/plugins/org.eclipse.justj.openjdk.hotspot.jre.full.win32.x86_64_17.0.7.v20230425-1502/jre/bin/server;C:/Users/sante/.p2/pool/plugins/org.eclipse.justj.openjdk.hotspot.jre.full.win32.x86_64_17.0.7.v20230425-1502/jre/bin;C:\Python311\Scripts\;C:\Python311\;C:\Program Files\MSC.Software\NaPa_SE\20211\Patran\bin;C:\WINDOWS\system32;C:\WINDOWS;C:\WINDOWS\System32\Wbem;C:\WINDOWS\System32\WindowsPowerShell\v1.0\;C:\WINDOWS\System32\OpenSSH\;C:\Program Files\MATLAB\R2020b\bin;C:\Program Files\Git\cmd;C:\Program Files\nodejs\;C:\ProgramData\chocolatey\bin;C:\Users\sante\AppData\Local\Microsoft\WindowsApps;C:\Users\sante\AppData\Local\Programs\Microsoft VS Code\bin;C:\Users\sante\AppData\Roaming\npm;C:\Users\sante\AppData\Local\GitHubDesktop\bin;C:\Users\sante\OneDrive\Desktop;
USERNAME=sante
OS=Windows_NT
PROCESSOR_IDENTIFIER=AMD64 Family 23 Model 24 Stepping 1, AuthenticAMD
TMP=C:\Users\sante\AppData\Local\Temp
TEMP=C:\Users\sante\AppData\Local\Temp



---------------  S Y S T E M  ---------------

OS:
 Windows 11 , 64 bit Build 22621 (10.0.22621.2215)
OS uptime: 7 days 3:38 hours

CPU: total 8 (initial active 8) (8 cores per cpu, 2 threads per core) family 23 model 24 stepping 1 microcode 0x0, cx8, cmov, fxsr, ht, mmx, 3dnowpref, sse, sse2, sse3, ssse3, sse4a, sse4.1, sse4.2, popcnt, lzcnt, tsc, tscinvbit, avx, avx2, aes, clmul, bmi1, bmi2, adx, sha, fma, vzeroupper, clflush, clflushopt

Memory: 4k page, system-wide physical 6060M (206M free)
TotalPageFile size 24492M (AvailPageFile size 5M)
current process WorkingSet (physical memory assigned to process): 280M, peak: 345M
current process commit charge ("private bytes"): 414M, peak: 468M

vm_info: OpenJDK 64-Bit Server VM (17.0.7+7) for windows-amd64 JRE (17.0.7+7), built on Apr 18 2023 22:10:42 by "temurin" with MS VC++ 16.7 (VS2019)

END.
