#
# There is insufficient memory for the Java Runtime Environment to continue.
# Native memory allocation (malloc) failed to allocate 1481616 bytes for Chunk::new
# Possible reasons:
#   The system is out of physical RAM or swap space
#   The process is running with CompressedOops enabled, and the Java Heap may be blocking the growth of the native heap
# Possible solutions:
#   Reduce memory load on the system
#   Increase physical memory or swap space
#   Check if swap backing store is full
#   Decrease Java heap size (-Xmx/-Xms)
#   Decrease number of Java threads
#   Decrease Java thread stack sizes (-Xss)
#   Set larger code cache with -XX:ReservedCodeCacheSize=
#   JVM is running with Unscaled Compressed Oops mode in which the Java heap is
#     placed in the first 4GB address space. The Java Heap base address is the
#     maximum limit for the native heap growth. Please use -XX:HeapBaseMinAddress
#     to set the Java Heap base and to place the Java Heap above 4GB virtual address.
# This output file may be truncated or incomplete.
#
#  Out of Memory Error (arena.cpp:189), pid=17848, tid=1460
#
# JRE version: OpenJDK Runtime Environment Temurin-17.0.7+7 (17.0.7+7) (build 17.0.7+7)
# Java VM: OpenJDK 64-Bit Server VM Temurin-17.0.7+7 (17.0.7+7, mixed mode, tiered, compressed oops, compressed class ptrs, g1 gc, windows-amd64)
# No core dump will be written. Minidumps are not enabled by default on client versions of Windows
#

---------------  S U M M A R Y ------------

Command Line: -Dfile.encoding=UTF-8 -XX:+ShowCodeDetailsInExceptionMessages com.davincibiotech.DaVinciBioTechBE.DaVinciBioTechBeApplication

Host: AMD Ryzen 5 3500U with Radeon Vega Mobile Gfx  , 8 cores, 5G,  Windows 11 , 64 bit Build 22621 (10.0.22621.2215)
Time: Tue Sep 26 11:47:14 2023 ora legale Europa occidentale elapsed time: 1414.120433 seconds (0d 0h 23m 34s)

---------------  T H R E A D  ---------------

Current thread (0x0000022a3f2989d0):  JavaThread "C2 CompilerThread0" daemon [_thread_in_native, id=1460, stack(0x0000009d56500000,0x0000009d56600000)]


Current CompileTask:
C2:1414120 14317       4       org.springframework.core.SerializableTypeWrapper$TypeProxyInvocationHandler::invoke (325 bytes)

Stack: [0x0000009d56500000,0x0000009d56600000]
Native frames: (J=compiled Java code, j=interpreted, Vv=VM code, C=native code)
V  [jvm.dll+0x67754a]
V  [jvm.dll+0x834304]
V  [jvm.dll+0x835aae]
V  [jvm.dll+0x836113]
V  [jvm.dll+0x24696f]
V  [jvm.dll+0xac0ac]
V  [jvm.dll+0xac67c]
V  [jvm.dll+0x364de2]
V  [jvm.dll+0x32f6b1]
V  [jvm.dll+0x32eb5a]
V  [jvm.dll+0x219641]
V  [jvm.dll+0x218a61]
V  [jvm.dll+0x1a4d8d]
V  [jvm.dll+0x2284da]
V  [jvm.dll+0x226615]
V  [jvm.dll+0x7ea90b]
V  [jvm.dll+0x7e4e7a]
V  [jvm.dll+0x676395]
C  [ucrtbase.dll+0x29363]
C  [KERNEL32.DLL+0x1257d]
C  [ntdll.dll+0x5aa68]


---------------  P R O C E S S  ---------------

Threads class SMR info:
_java_thread_list=0x0000022a4757b5a0, length=32, elements={
0x0000022a3f125420, 0x0000022a3f1261a0, 0x0000022a3f132fe0, 0x0000022a3f133aa0,
0x0000022a3f28a000, 0x0000022a3f2928d0, 0x0000022a3f2989d0, 0x0000022a3f2992d0,
0x0000022a3f2ae3c0, 0x0000022a3f4055c0, 0x0000022a3f4154b0, 0x0000022a45edf660,
0x0000022a463932c0, 0x0000022a44b69810, 0x0000022a46e576f0, 0x0000022a464f9820,
0x0000022a470f4850, 0x0000022a44a64c30, 0x0000022a444a3ec0, 0x0000022a444a5ba0,
0x0000022a444a4860, 0x0000022a444a6070, 0x0000022a444a6540, 0x0000022a444a6a10,
0x0000022a444a3520, 0x0000022a44d81190, 0x0000022a44d83ce0, 0x0000022a44d7f980,
0x0000022a44d824d0, 0x0000022a44d81b30, 0x0000022a44d7fe50, 0x0000022a445f1530
}

Java Threads: ( => current thread )
  0x0000022a3f125420 JavaThread "Reference Handler" daemon [_thread_blocked, id=23464, stack(0x0000009d55f00000,0x0000009d56000000)]
  0x0000022a3f1261a0 JavaThread "Finalizer" daemon [_thread_blocked, id=18876, stack(0x0000009d56000000,0x0000009d56100000)]
  0x0000022a3f132fe0 JavaThread "Signal Dispatcher" daemon [_thread_blocked, id=22212, stack(0x0000009d56100000,0x0000009d56200000)]
  0x0000022a3f133aa0 JavaThread "Attach Listener" daemon [_thread_blocked, id=17684, stack(0x0000009d56200000,0x0000009d56300000)]
  0x0000022a3f28a000 JavaThread "Service Thread" daemon [_thread_blocked, id=10976, stack(0x0000009d56300000,0x0000009d56400000)]
  0x0000022a3f2928d0 JavaThread "Monitor Deflation Thread" daemon [_thread_blocked, id=15120, stack(0x0000009d56400000,0x0000009d56500000)]
=>0x0000022a3f2989d0 JavaThread "C2 CompilerThread0" daemon [_thread_in_native, id=1460, stack(0x0000009d56500000,0x0000009d56600000)]
  0x0000022a3f2992d0 JavaThread "C1 CompilerThread0" daemon [_thread_blocked, id=15040, stack(0x0000009d56600000,0x0000009d56700000)]
  0x0000022a3f2ae3c0 JavaThread "Sweeper thread" daemon [_thread_blocked, id=9904, stack(0x0000009d56700000,0x0000009d56800000)]
  0x0000022a3f4055c0 JavaThread "Notification Thread" daemon [_thread_blocked, id=10904, stack(0x0000009d56800000,0x0000009d56900000)]
  0x0000022a3f4154b0 JavaThread "Common-Cleaner" daemon [_thread_blocked, id=18868, stack(0x0000009d56a00000,0x0000009d56b00000)]
  0x0000022a45edf660 JavaThread "PostgreSQL-JDBC-Cleaner" daemon [_thread_blocked, id=21240, stack(0x0000009d56b00000,0x0000009d56c00000)]
  0x0000022a463932c0 JavaThread "HikariPool-1 housekeeper" daemon [_thread_blocked, id=8332, stack(0x0000009d57900000,0x0000009d57a00000)]
  0x0000022a44b69810 JavaThread "Catalina-utility-1" [_thread_blocked, id=2608, stack(0x0000009d57b00000,0x0000009d57c00000)]
  0x0000022a46e576f0 JavaThread "Catalina-utility-2" [_thread_blocked, id=16692, stack(0x0000009d57c00000,0x0000009d57d00000)]
  0x0000022a464f9820 JavaThread "container-0" [_thread_blocked, id=13888, stack(0x0000009d57d00000,0x0000009d57e00000)]
  0x0000022a470f4850 JavaThread "File Watcher" daemon [_thread_blocked, id=15504, stack(0x0000009d57e00000,0x0000009d57f00000)]
  0x0000022a44a64c30 JavaThread "Live Reload Server" daemon [_thread_in_native, id=8520, stack(0x0000009d58000000,0x0000009d58100000)]
  0x0000022a444a3ec0 JavaThread "http-nio-3001-exec-1" daemon [_thread_blocked, id=14084, stack(0x0000009d57f00000,0x0000009d58000000)]
  0x0000022a444a5ba0 JavaThread "http-nio-3001-exec-2" daemon [_thread_blocked, id=23340, stack(0x0000009d58100000,0x0000009d58200000)]
  0x0000022a444a4860 JavaThread "http-nio-3001-exec-3" daemon [_thread_in_native, id=21168, stack(0x0000009d58200000,0x0000009d58300000)]
  0x0000022a444a6070 JavaThread "http-nio-3001-exec-4" daemon [_thread_blocked, id=14556, stack(0x0000009d58300000,0x0000009d58400000)]
  0x0000022a444a6540 JavaThread "http-nio-3001-exec-5" daemon [_thread_blocked, id=16816, stack(0x0000009d58400000,0x0000009d58500000)]
  0x0000022a444a6a10 JavaThread "http-nio-3001-exec-6" daemon [_thread_blocked, id=15876, stack(0x0000009d58500000,0x0000009d58600000)]
  0x0000022a444a3520 JavaThread "http-nio-3001-exec-7" daemon [_thread_blocked, id=21636, stack(0x0000009d58600000,0x0000009d58700000)]
  0x0000022a44d81190 JavaThread "http-nio-3001-exec-8" daemon [_thread_blocked, id=19500, stack(0x0000009d58700000,0x0000009d58800000)]
  0x0000022a44d83ce0 JavaThread "http-nio-3001-exec-9" daemon [_thread_blocked, id=11600, stack(0x0000009d58800000,0x0000009d58900000)]
  0x0000022a44d7f980 JavaThread "http-nio-3001-exec-10" daemon [_thread_blocked, id=3172, stack(0x0000009d58900000,0x0000009d58a00000)]
  0x0000022a44d824d0 JavaThread "http-nio-3001-Poller" daemon [_thread_in_native, id=4332, stack(0x0000009d58a00000,0x0000009d58b00000)]
  0x0000022a44d81b30 JavaThread "http-nio-3001-Acceptor" daemon [_thread_in_native, id=3336, stack(0x0000009d58b00000,0x0000009d58c00000)]
  0x0000022a44d7fe50 JavaThread "DestroyJavaVM" [_thread_blocked, id=11092, stack(0x0000009d55800000,0x0000009d55900000)]
  0x0000022a445f1530 JavaThread "HikariPool-1 connection adder" daemon [_thread_blocked, id=14720, stack(0x0000009d55500000,0x0000009d55600000)]

Other Threads:
  0x0000022a3f10f1c0 VMThread "VM Thread" [stack: 0x0000009d55e00000,0x0000009d55f00000] [id=16200]
  0x0000022a3f32b040 WatcherThread [stack: 0x0000009d56900000,0x0000009d56a00000] [id=3680]
  0x0000022a264c7450 GCTaskThread "GC Thread#0" [stack: 0x0000009d55900000,0x0000009d55a00000] [id=16128]
  0x0000022a441f4190 GCTaskThread "GC Thread#1" [stack: 0x0000009d56c00000,0x0000009d56d00000] [id=19348]
  0x0000022a440e3130 GCTaskThread "GC Thread#2" [stack: 0x0000009d56d00000,0x0000009d56e00000] [id=22660]
  0x0000022a442fc0b0 GCTaskThread "GC Thread#3" [stack: 0x0000009d56e00000,0x0000009d56f00000] [id=6264]
  0x0000022a3fa3c020 GCTaskThread "GC Thread#4" [stack: 0x0000009d56f00000,0x0000009d57000000] [id=8080]
  0x0000022a44417cd0 GCTaskThread "GC Thread#5" [stack: 0x0000009d57500000,0x0000009d57600000] [id=3804]
  0x0000022a443dc850 GCTaskThread "GC Thread#6" [stack: 0x0000009d57600000,0x0000009d57700000] [id=6016]
  0x0000022a443dcb00 GCTaskThread "GC Thread#7" [stack: 0x0000009d57700000,0x0000009d57800000] [id=1820]
  0x0000022a264d47c0 ConcurrentGCThread "G1 Main Marker" [stack: 0x0000009d55a00000,0x0000009d55b00000] [id=3784]
  0x0000022a264d50e0 ConcurrentGCThread "G1 Conc#0" [stack: 0x0000009d55b00000,0x0000009d55c00000] [id=16184]
  0x0000022a44900cc0 ConcurrentGCThread "G1 Conc#1" [stack: 0x0000009d57800000,0x0000009d57900000] [id=21092]
  0x0000022a3ef600a0 ConcurrentGCThread "G1 Refine#0" [stack: 0x0000009d55c00000,0x0000009d55d00000] [id=19596]
  0x0000022a4401f8e0 ConcurrentGCThread "G1 Refine#1" [stack: 0x0000009d57000000,0x0000009d57100000] [id=9088]
  0x0000022a4401fbc0 ConcurrentGCThread "G1 Refine#2" [stack: 0x0000009d57100000,0x0000009d57200000] [id=5880]
  0x0000022a3ef609d0 ConcurrentGCThread "G1 Service" [stack: 0x0000009d55d00000,0x0000009d55e00000] [id=5668]

Threads with active compile tasks:
C2 CompilerThread0  1414189 14317       4       org.springframework.core.SerializableTypeWrapper$TypeProxyInvocationHandler::invoke (325 bytes)

VM state: not at safepoint (normal execution)

VM Mutex/Monitor currently owned by a thread: None

Heap address: 0x00000000a1400000, size: 1516 MB, Compressed Oops mode: 32-bit

CDS archive(s) not mapped
Compressed class space mapped at: 0x0000000100000000-0x0000000140000000, reserved size: 1073741824
Narrow klass base: 0x0000000000000000, Narrow klass shift: 3, Narrow klass range: 0x140000000

GC Precious Log:
 CPUs: 8 total, 8 available
 Memory: 6060M
 Large Page Support: Disabled
 NUMA Support: Disabled
 Compressed Oops: Enabled (32-bit)
 Heap Region Size: 1M
 Heap Min Capacity: 8M
 Heap Initial Capacity: 96M
 Heap Max Capacity: 1516M
 Pre-touch: Disabled
 Parallel Workers: 8
 Concurrent Workers: 2
 Concurrent Refinement Workers: 8
 Periodic GC: Disabled

Heap:
 garbage-first heap   total 149504K, used 114791K [0x00000000a1400000, 0x0000000100000000)
  region size 1024K, 72 young (73728K), 1 survivors (1024K)
 Metaspace       used 91059K, committed 91712K, reserved 1179648K
  class space    used 11711K, committed 12032K, reserved 1048576K

Heap Regions: E=young(eden), S=young(survivor), O=old, HS=humongous(starts), HC=humongous(continues), CS=collection set, F=free, OA=open archive, CA=closed archive, TAMS=top-at-mark-start (previous, next)
|   0|0x00000000a1400000, 0x00000000a1500000, 0x00000000a1500000|100%|HS|  |TAMS 0x00000000a1500000, 0x00000000a1400000| Complete 
|   1|0x00000000a1500000, 0x00000000a1600000, 0x00000000a1600000|100%|HS|  |TAMS 0x00000000a1600000, 0x00000000a1500000| Complete 
|   2|0x00000000a1600000, 0x00000000a1700000, 0x00000000a1700000|100%| O|  |TAMS 0x00000000a1700000, 0x00000000a1600000| Untracked 
|   3|0x00000000a1700000, 0x00000000a1800000, 0x00000000a1800000|100%| O|  |TAMS 0x00000000a1800000, 0x00000000a1700000| Untracked 
|   4|0x00000000a1800000, 0x00000000a1900000, 0x00000000a1900000|100%| O|  |TAMS 0x00000000a1900000, 0x00000000a1800000| Untracked 
|   5|0x00000000a1900000, 0x00000000a1a00000, 0x00000000a1a00000|100%| O|  |TAMS 0x00000000a1a00000, 0x00000000a1900000| Untracked 
|   6|0x00000000a1a00000, 0x00000000a1b00000, 0x00000000a1b00000|100%| O|  |TAMS 0x00000000a1b00000, 0x00000000a1a00000| Untracked 
|   7|0x00000000a1b00000, 0x00000000a1c00000, 0x00000000a1c00000|100%| O|  |TAMS 0x00000000a1c00000, 0x00000000a1b00000| Untracked 
|   8|0x00000000a1c00000, 0x00000000a1d00000, 0x00000000a1d00000|100%| O|  |TAMS 0x00000000a1d00000, 0x00000000a1c00000| Untracked 
|   9|0x00000000a1d00000, 0x00000000a1e00000, 0x00000000a1e00000|100%| O|  |TAMS 0x00000000a1e00000, 0x00000000a1d00000| Untracked 
|  10|0x00000000a1e00000, 0x00000000a1edfe00, 0x00000000a1f00000| 87%| O|  |TAMS 0x00000000a1edfe00, 0x00000000a1e00000| Untracked 
|  11|0x00000000a1f00000, 0x00000000a2000000, 0x00000000a2000000|100%| O|  |TAMS 0x00000000a2000000, 0x00000000a1f00000| Untracked 
|  12|0x00000000a2000000, 0x00000000a2100000, 0x00000000a2100000|100%| O|  |TAMS 0x00000000a2100000, 0x00000000a2000000| Untracked 
|  13|0x00000000a2100000, 0x00000000a2200000, 0x00000000a2200000|100%| O|  |TAMS 0x00000000a2200000, 0x00000000a2100000| Untracked 
|  14|0x00000000a2200000, 0x00000000a2300000, 0x00000000a2300000|100%| O|  |TAMS 0x00000000a2300000, 0x00000000a2200000| Untracked 
|  15|0x00000000a2300000, 0x00000000a2400000, 0x00000000a2400000|100%| O|  |TAMS 0x00000000a2400000, 0x00000000a2300000| Untracked 
|  16|0x00000000a2400000, 0x00000000a2500000, 0x00000000a2500000|100%| O|  |TAMS 0x00000000a2500000, 0x00000000a2400000| Untracked 
|  17|0x00000000a2500000, 0x00000000a2600000, 0x00000000a2600000|100%| O|  |TAMS 0x00000000a2600000, 0x00000000a2500000| Untracked 
|  18|0x00000000a2600000, 0x00000000a2700000, 0x00000000a2700000|100%| O|  |TAMS 0x00000000a2700000, 0x00000000a2600000| Untracked 
|  19|0x00000000a2700000, 0x00000000a2800000, 0x00000000a2800000|100%| O|  |TAMS 0x00000000a2800000, 0x00000000a2700000| Untracked 
|  20|0x00000000a2800000, 0x00000000a2900000, 0x00000000a2900000|100%| O|  |TAMS 0x00000000a2900000, 0x00000000a2800000| Untracked 
|  21|0x00000000a2900000, 0x00000000a2a00000, 0x00000000a2a00000|100%| O|  |TAMS 0x00000000a2a00000, 0x00000000a2900000| Untracked 
|  22|0x00000000a2a00000, 0x00000000a2b00000, 0x00000000a2b00000|100%| O|  |TAMS 0x00000000a2ac0800, 0x00000000a2a00000| Untracked 
|  23|0x00000000a2b00000, 0x00000000a2c00000, 0x00000000a2c00000|100%| O|  |TAMS 0x00000000a2b00000, 0x00000000a2b00000| Untracked 
|  24|0x00000000a2c00000, 0x00000000a2d00000, 0x00000000a2d00000|100%| O|  |TAMS 0x00000000a2c00000, 0x00000000a2c00000| Untracked 
|  25|0x00000000a2d00000, 0x00000000a2e00000, 0x00000000a2e00000|100%| O|  |TAMS 0x00000000a2d00000, 0x00000000a2d00000| Untracked 
|  26|0x00000000a2e00000, 0x00000000a2f00000, 0x00000000a2f00000|100%| O|  |TAMS 0x00000000a2e00000, 0x00000000a2e00000| Untracked 
|  27|0x00000000a2f00000, 0x00000000a3000000, 0x00000000a3000000|100%| O|  |TAMS 0x00000000a2f00000, 0x00000000a2f00000| Untracked 
|  28|0x00000000a3000000, 0x00000000a3100000, 0x00000000a3100000|100%| O|  |TAMS 0x00000000a3000000, 0x00000000a3000000| Untracked 
|  29|0x00000000a3100000, 0x00000000a3200000, 0x00000000a3200000|100%| O|  |TAMS 0x00000000a3100000, 0x00000000a3100000| Untracked 
|  30|0x00000000a3200000, 0x00000000a3300000, 0x00000000a3300000|100%| O|  |TAMS 0x00000000a3200000, 0x00000000a3200000| Untracked 
|  31|0x00000000a3300000, 0x00000000a3400000, 0x00000000a3400000|100%| O|  |TAMS 0x00000000a3300000, 0x00000000a3300000| Untracked 
|  32|0x00000000a3400000, 0x00000000a3500000, 0x00000000a3500000|100%| O|  |TAMS 0x00000000a3400000, 0x00000000a3400000| Untracked 
|  33|0x00000000a3500000, 0x00000000a3600000, 0x00000000a3600000|100%| O|  |TAMS 0x00000000a3500000, 0x00000000a3500000| Untracked 
|  34|0x00000000a3600000, 0x00000000a3700000, 0x00000000a3700000|100%| O|  |TAMS 0x00000000a3600000, 0x00000000a3600000| Untracked 
|  35|0x00000000a3700000, 0x00000000a3800000, 0x00000000a3800000|100%| O|  |TAMS 0x00000000a3700000, 0x00000000a3700000| Untracked 
|  36|0x00000000a3800000, 0x00000000a3900000, 0x00000000a3900000|100%| O|  |TAMS 0x00000000a3800000, 0x00000000a3800000| Untracked 
|  37|0x00000000a3900000, 0x00000000a3a00000, 0x00000000a3a00000|100%| O|  |TAMS 0x00000000a3900000, 0x00000000a3900000| Untracked 
|  38|0x00000000a3a00000, 0x00000000a3b00000, 0x00000000a3b00000|100%| O|  |TAMS 0x00000000a3a00000, 0x00000000a3a00000| Untracked 
|  39|0x00000000a3b00000, 0x00000000a3c00000, 0x00000000a3c00000|100%| O|  |TAMS 0x00000000a3b00000, 0x00000000a3b00000| Untracked 
|  40|0x00000000a3c00000, 0x00000000a3d00000, 0x00000000a3d00000|100%| O|  |TAMS 0x00000000a3c00000, 0x00000000a3c00000| Untracked 
|  41|0x00000000a3d00000, 0x00000000a3e00000, 0x00000000a3e00000|100%| O|  |TAMS 0x00000000a3d00000, 0x00000000a3d00000| Untracked 
|  42|0x00000000a3e00000, 0x00000000a3f00000, 0x00000000a3f00000|100%| O|  |TAMS 0x00000000a3e00000, 0x00000000a3e00000| Untracked 
|  43|0x00000000a3f00000, 0x00000000a3f03200, 0x00000000a4000000|  1%| O|  |TAMS 0x00000000a3f00000, 0x00000000a3f00000| Untracked 
|  44|0x00000000a4000000, 0x00000000a4000000, 0x00000000a4100000|  0%| F|  |TAMS 0x00000000a4000000, 0x00000000a4000000| Untracked 
|  45|0x00000000a4100000, 0x00000000a4100000, 0x00000000a4200000|  0%| F|  |TAMS 0x00000000a4100000, 0x00000000a4100000| Untracked 
|  46|0x00000000a4200000, 0x00000000a4200000, 0x00000000a4300000|  0%| F|  |TAMS 0x00000000a4200000, 0x00000000a4200000| Untracked 
|  47|0x00000000a4300000, 0x00000000a4300000, 0x00000000a4400000|  0%| F|  |TAMS 0x00000000a4300000, 0x00000000a4300000| Untracked 
|  48|0x00000000a4400000, 0x00000000a4400000, 0x00000000a4500000|  0%| F|  |TAMS 0x00000000a4400000, 0x00000000a4400000| Untracked 
|  49|0x00000000a4500000, 0x00000000a4500000, 0x00000000a4600000|  0%| F|  |TAMS 0x00000000a4500000, 0x00000000a4500000| Untracked 
|  50|0x00000000a4600000, 0x00000000a4600000, 0x00000000a4700000|  0%| F|  |TAMS 0x00000000a4600000, 0x00000000a4600000| Untracked 
|  51|0x00000000a4700000, 0x00000000a4700000, 0x00000000a4800000|  0%| F|  |TAMS 0x00000000a4700000, 0x00000000a4700000| Untracked 
|  52|0x00000000a4800000, 0x00000000a4800000, 0x00000000a4900000|  0%| F|  |TAMS 0x00000000a4800000, 0x00000000a4800000| Untracked 
|  53|0x00000000a4900000, 0x00000000a4900000, 0x00000000a4a00000|  0%| F|  |TAMS 0x00000000a4900000, 0x00000000a4900000| Untracked 
|  54|0x00000000a4a00000, 0x00000000a4a00000, 0x00000000a4b00000|  0%| F|  |TAMS 0x00000000a4a00000, 0x00000000a4a00000| Untracked 
|  55|0x00000000a4b00000, 0x00000000a4b00000, 0x00000000a4c00000|  0%| F|  |TAMS 0x00000000a4b00000, 0x00000000a4b00000| Untracked 
|  56|0x00000000a4c00000, 0x00000000a4c00000, 0x00000000a4d00000|  0%| F|  |TAMS 0x00000000a4c00000, 0x00000000a4c00000| Untracked 
|  57|0x00000000a4d00000, 0x00000000a4d00000, 0x00000000a4e00000|  0%| F|  |TAMS 0x00000000a4d00000, 0x00000000a4d00000| Untracked 
|  58|0x00000000a4e00000, 0x00000000a4e00000, 0x00000000a4f00000|  0%| F|  |TAMS 0x00000000a4e00000, 0x00000000a4e00000| Untracked 
|  59|0x00000000a4f00000, 0x00000000a4f36c70, 0x00000000a5000000| 21%| S|CS|TAMS 0x00000000a4f00000, 0x00000000a4f00000| Complete 
|  60|0x00000000a5000000, 0x00000000a5000000, 0x00000000a5100000|  0%| F|  |TAMS 0x00000000a5000000, 0x00000000a5000000| Untracked 
|  61|0x00000000a5100000, 0x00000000a5100000, 0x00000000a5200000|  0%| F|  |TAMS 0x00000000a5100000, 0x00000000a5100000| Untracked 
|  62|0x00000000a5200000, 0x00000000a5200000, 0x00000000a5300000|  0%| F|  |TAMS 0x00000000a5200000, 0x00000000a5200000| Untracked 
|  63|0x00000000a5300000, 0x00000000a5300000, 0x00000000a5400000|  0%| F|  |TAMS 0x00000000a5300000, 0x00000000a5300000| Untracked 
|  64|0x00000000a5400000, 0x00000000a5400000, 0x00000000a5500000|  0%| F|  |TAMS 0x00000000a5400000, 0x00000000a5400000| Untracked 
|  65|0x00000000a5500000, 0x00000000a5500000, 0x00000000a5600000|  0%| F|  |TAMS 0x00000000a5500000, 0x00000000a5500000| Untracked 
|  66|0x00000000a5600000, 0x00000000a5600000, 0x00000000a5700000|  0%| F|  |TAMS 0x00000000a5600000, 0x00000000a5600000| Untracked 
|  67|0x00000000a5700000, 0x00000000a5700000, 0x00000000a5800000|  0%| F|  |TAMS 0x00000000a5700000, 0x00000000a5700000| Untracked 
|  68|0x00000000a5800000, 0x00000000a5800000, 0x00000000a5900000|  0%| F|  |TAMS 0x00000000a5800000, 0x00000000a5800000| Untracked 
|  69|0x00000000a5900000, 0x00000000a5900000, 0x00000000a5a00000|  0%| F|  |TAMS 0x00000000a5900000, 0x00000000a5900000| Untracked 
|  70|0x00000000a5a00000, 0x00000000a5a00000, 0x00000000a5b00000|  0%| F|  |TAMS 0x00000000a5a00000, 0x00000000a5a00000| Untracked 
|  71|0x00000000a5b00000, 0x00000000a5b00000, 0x00000000a5c00000|  0%| F|  |TAMS 0x00000000a5b00000, 0x00000000a5b00000| Untracked 
|  72|0x00000000a5c00000, 0x00000000a5c00000, 0x00000000a5d00000|  0%| F|  |TAMS 0x00000000a5c00000, 0x00000000a5c00000| Untracked 
|  73|0x00000000a5d00000, 0x00000000a5d00000, 0x00000000a5e00000|  0%| F|  |TAMS 0x00000000a5d00000, 0x00000000a5d00000| Untracked 
|  74|0x00000000a5e00000, 0x00000000a5e54eb8, 0x00000000a5f00000| 33%| E|  |TAMS 0x00000000a5e00000, 0x00000000a5e00000| Complete 
|  75|0x00000000a5f00000, 0x00000000a6000000, 0x00000000a6000000|100%| E|CS|TAMS 0x00000000a5f00000, 0x00000000a5f00000| Complete 
|  76|0x00000000a6000000, 0x00000000a6100000, 0x00000000a6100000|100%| E|CS|TAMS 0x00000000a6000000, 0x00000000a6000000| Complete 
|  77|0x00000000a6100000, 0x00000000a6200000, 0x00000000a6200000|100%| E|CS|TAMS 0x00000000a6100000, 0x00000000a6100000| Complete 
|  78|0x00000000a6200000, 0x00000000a6300000, 0x00000000a6300000|100%| E|CS|TAMS 0x00000000a6200000, 0x00000000a6200000| Complete 
|  79|0x00000000a6300000, 0x00000000a6400000, 0x00000000a6400000|100%| E|CS|TAMS 0x00000000a6300000, 0x00000000a6300000| Complete 
|  80|0x00000000a6400000, 0x00000000a6500000, 0x00000000a6500000|100%| E|CS|TAMS 0x00000000a6400000, 0x00000000a6400000| Complete 
|  81|0x00000000a6500000, 0x00000000a6600000, 0x00000000a6600000|100%| E|CS|TAMS 0x00000000a6500000, 0x00000000a6500000| Complete 
|  82|0x00000000a6600000, 0x00000000a6700000, 0x00000000a6700000|100%| E|CS|TAMS 0x00000000a6600000, 0x00000000a6600000| Complete 
|  83|0x00000000a6700000, 0x00000000a6800000, 0x00000000a6800000|100%| E|CS|TAMS 0x00000000a6700000, 0x00000000a6700000| Complete 
|  84|0x00000000a6800000, 0x00000000a6900000, 0x00000000a6900000|100%| E|CS|TAMS 0x00000000a6800000, 0x00000000a6800000| Complete 
|  85|0x00000000a6900000, 0x00000000a6a00000, 0x00000000a6a00000|100%| E|CS|TAMS 0x00000000a6900000, 0x00000000a6900000| Complete 
|  86|0x00000000a6a00000, 0x00000000a6b00000, 0x00000000a6b00000|100%| E|CS|TAMS 0x00000000a6a00000, 0x00000000a6a00000| Complete 
|  87|0x00000000a6b00000, 0x00000000a6c00000, 0x00000000a6c00000|100%| E|CS|TAMS 0x00000000a6b00000, 0x00000000a6b00000| Complete 
|  88|0x00000000a6c00000, 0x00000000a6d00000, 0x00000000a6d00000|100%| E|CS|TAMS 0x00000000a6c00000, 0x00000000a6c00000| Complete 
|  89|0x00000000a6d00000, 0x00000000a6e00000, 0x00000000a6e00000|100%| E|CS|TAMS 0x00000000a6d00000, 0x00000000a6d00000| Complete 
|  90|0x00000000a6e00000, 0x00000000a6f00000, 0x00000000a6f00000|100%| E|CS|TAMS 0x00000000a6e00000, 0x00000000a6e00000| Complete 
|  91|0x00000000a6f00000, 0x00000000a7000000, 0x00000000a7000000|100%| E|CS|TAMS 0x00000000a6f00000, 0x00000000a6f00000| Complete 
|  92|0x00000000a7000000, 0x00000000a7100000, 0x00000000a7100000|100%| E|CS|TAMS 0x00000000a7000000, 0x00000000a7000000| Complete 
|  93|0x00000000a7100000, 0x00000000a7200000, 0x00000000a7200000|100%| E|  |TAMS 0x00000000a7100000, 0x00000000a7100000| Complete 
|  94|0x00000000a7200000, 0x00000000a7300000, 0x00000000a7300000|100%| E|CS|TAMS 0x00000000a7200000, 0x00000000a7200000| Complete 
|  95|0x00000000a7300000, 0x00000000a7400000, 0x00000000a7400000|100%| E|CS|TAMS 0x00000000a7300000, 0x00000000a7300000| Complete 
|  96|0x00000000a7400000, 0x00000000a7500000, 0x00000000a7500000|100%| E|CS|TAMS 0x00000000a7400000, 0x00000000a7400000| Complete 
|  97|0x00000000a7500000, 0x00000000a7600000, 0x00000000a7600000|100%| E|CS|TAMS 0x00000000a7500000, 0x00000000a7500000| Complete 
|  98|0x00000000a7600000, 0x00000000a7700000, 0x00000000a7700000|100%| E|CS|TAMS 0x00000000a7600000, 0x00000000a7600000| Complete 
|  99|0x00000000a7700000, 0x00000000a7800000, 0x00000000a7800000|100%| E|CS|TAMS 0x00000000a7700000, 0x00000000a7700000| Complete 
| 100|0x00000000a7800000, 0x00000000a7900000, 0x00000000a7900000|100%| E|CS|TAMS 0x00000000a7800000, 0x00000000a7800000| Complete 
| 101|0x00000000a7900000, 0x00000000a7a00000, 0x00000000a7a00000|100%| E|CS|TAMS 0x00000000a7900000, 0x00000000a7900000| Complete 
| 102|0x00000000a7a00000, 0x00000000a7b00000, 0x00000000a7b00000|100%| E|CS|TAMS 0x00000000a7a00000, 0x00000000a7a00000| Complete 
| 103|0x00000000a7b00000, 0x00000000a7c00000, 0x00000000a7c00000|100%| E|CS|TAMS 0x00000000a7b00000, 0x00000000a7b00000| Complete 
| 104|0x00000000a7c00000, 0x00000000a7d00000, 0x00000000a7d00000|100%| E|CS|TAMS 0x00000000a7c00000, 0x00000000a7c00000| Complete 
| 105|0x00000000a7d00000, 0x00000000a7e00000, 0x00000000a7e00000|100%| E|CS|TAMS 0x00000000a7d00000, 0x00000000a7d00000| Complete 
| 106|0x00000000a7e00000, 0x00000000a7f00000, 0x00000000a7f00000|100%| E|CS|TAMS 0x00000000a7e00000, 0x00000000a7e00000| Complete 
| 107|0x00000000a7f00000, 0x00000000a8000000, 0x00000000a8000000|100%| E|CS|TAMS 0x00000000a7f00000, 0x00000000a7f00000| Complete 
| 108|0x00000000a8000000, 0x00000000a8100000, 0x00000000a8100000|100%| E|CS|TAMS 0x00000000a8000000, 0x00000000a8000000| Complete 
| 109|0x00000000a8100000, 0x00000000a8200000, 0x00000000a8200000|100%| E|CS|TAMS 0x00000000a8100000, 0x00000000a8100000| Complete 
| 110|0x00000000a8200000, 0x00000000a8300000, 0x00000000a8300000|100%| E|CS|TAMS 0x00000000a8200000, 0x00000000a8200000| Complete 
| 111|0x00000000a8300000, 0x00000000a8400000, 0x00000000a8400000|100%| E|CS|TAMS 0x00000000a8300000, 0x00000000a8300000| Complete 
| 112|0x00000000a8400000, 0x00000000a8500000, 0x00000000a8500000|100%| E|CS|TAMS 0x00000000a8400000, 0x00000000a8400000| Complete 
| 113|0x00000000a8500000, 0x00000000a8600000, 0x00000000a8600000|100%| E|CS|TAMS 0x00000000a8500000, 0x00000000a8500000| Complete 
| 114|0x00000000a8600000, 0x00000000a8700000, 0x00000000a8700000|100%| E|CS|TAMS 0x00000000a8600000, 0x00000000a8600000| Complete 
| 115|0x00000000a8700000, 0x00000000a8800000, 0x00000000a8800000|100%| E|CS|TAMS 0x00000000a8700000, 0x00000000a8700000| Complete 
| 116|0x00000000a8800000, 0x00000000a8900000, 0x00000000a8900000|100%| E|CS|TAMS 0x00000000a8800000, 0x00000000a8800000| Complete 
| 117|0x00000000a8900000, 0x00000000a8a00000, 0x00000000a8a00000|100%| E|CS|TAMS 0x00000000a8900000, 0x00000000a8900000| Complete 
| 118|0x00000000a8a00000, 0x00000000a8b00000, 0x00000000a8b00000|100%| E|CS|TAMS 0x00000000a8a00000, 0x00000000a8a00000| Complete 
| 119|0x00000000a8b00000, 0x00000000a8c00000, 0x00000000a8c00000|100%| E|CS|TAMS 0x00000000a8b00000, 0x00000000a8b00000| Complete 
| 120|0x00000000a8c00000, 0x00000000a8d00000, 0x00000000a8d00000|100%| E|CS|TAMS 0x00000000a8c00000, 0x00000000a8c00000| Complete 
| 121|0x00000000a8d00000, 0x00000000a8e00000, 0x00000000a8e00000|100%| E|CS|TAMS 0x00000000a8d00000, 0x00000000a8d00000| Complete 
| 122|0x00000000a8e00000, 0x00000000a8f00000, 0x00000000a8f00000|100%| E|CS|TAMS 0x00000000a8e00000, 0x00000000a8e00000| Complete 
| 123|0x00000000a8f00000, 0x00000000a9000000, 0x00000000a9000000|100%| E|CS|TAMS 0x00000000a8f00000, 0x00000000a8f00000| Complete 
| 124|0x00000000a9000000, 0x00000000a9100000, 0x00000000a9100000|100%| E|CS|TAMS 0x00000000a9000000, 0x00000000a9000000| Complete 
| 125|0x00000000a9100000, 0x00000000a9200000, 0x00000000a9200000|100%| E|CS|TAMS 0x00000000a9100000, 0x00000000a9100000| Complete 
| 126|0x00000000a9200000, 0x00000000a9300000, 0x00000000a9300000|100%| E|CS|TAMS 0x00000000a9200000, 0x00000000a9200000| Complete 
| 127|0x00000000a9300000, 0x00000000a9400000, 0x00000000a9400000|100%| E|CS|TAMS 0x00000000a9300000, 0x00000000a9300000| Complete 
| 128|0x00000000a9400000, 0x00000000a9500000, 0x00000000a9500000|100%| E|CS|TAMS 0x00000000a9400000, 0x00000000a9400000| Complete 
| 129|0x00000000a9500000, 0x00000000a9600000, 0x00000000a9600000|100%| E|CS|TAMS 0x00000000a9500000, 0x00000000a9500000| Complete 
| 130|0x00000000a9600000, 0x00000000a9700000, 0x00000000a9700000|100%| E|CS|TAMS 0x00000000a9600000, 0x00000000a9600000| Complete 
| 131|0x00000000a9700000, 0x00000000a9800000, 0x00000000a9800000|100%| E|CS|TAMS 0x00000000a9700000, 0x00000000a9700000| Complete 
| 132|0x00000000a9800000, 0x00000000a9900000, 0x00000000a9900000|100%| E|CS|TAMS 0x00000000a9800000, 0x00000000a9800000| Complete 
| 133|0x00000000a9900000, 0x00000000a99ffff8, 0x00000000a9a00000| 99%| E|CS|TAMS 0x00000000a9900000, 0x00000000a9900000| Complete 
| 134|0x00000000a9a00000, 0x00000000a9b00000, 0x00000000a9b00000|100%| E|CS|TAMS 0x00000000a9a00000, 0x00000000a9a00000| Complete 
| 135|0x00000000a9b00000, 0x00000000a9c00000, 0x00000000a9c00000|100%| E|CS|TAMS 0x00000000a9b00000, 0x00000000a9b00000| Complete 
| 136|0x00000000a9c00000, 0x00000000a9d00000, 0x00000000a9d00000|100%| E|CS|TAMS 0x00000000a9c00000, 0x00000000a9c00000| Complete 
| 137|0x00000000a9d00000, 0x00000000a9e00000, 0x00000000a9e00000|100%| E|CS|TAMS 0x00000000a9d00000, 0x00000000a9d00000| Complete 
| 138|0x00000000a9e00000, 0x00000000a9f00000, 0x00000000a9f00000|100%| E|CS|TAMS 0x00000000a9e00000, 0x00000000a9e00000| Complete 
| 139|0x00000000a9f00000, 0x00000000aa000000, 0x00000000aa000000|100%| E|CS|TAMS 0x00000000a9f00000, 0x00000000a9f00000| Complete 
| 140|0x00000000aa000000, 0x00000000aa100000, 0x00000000aa100000|100%| E|CS|TAMS 0x00000000aa000000, 0x00000000aa000000| Complete 
| 141|0x00000000aa100000, 0x00000000aa200000, 0x00000000aa200000|100%| E|CS|TAMS 0x00000000aa100000, 0x00000000aa100000| Complete 
| 142|0x00000000aa200000, 0x00000000aa300000, 0x00000000aa300000|100%| E|CS|TAMS 0x00000000aa200000, 0x00000000aa200000| Complete 
| 143|0x00000000aa300000, 0x00000000aa400000, 0x00000000aa400000|100%| E|CS|TAMS 0x00000000aa300000, 0x00000000aa300000| Complete 
| 144|0x00000000aa400000, 0x00000000aa500000, 0x00000000aa500000|100%| E|CS|TAMS 0x00000000aa400000, 0x00000000aa400000| Complete 
| 145|0x00000000aa500000, 0x00000000aa600000, 0x00000000aa600000|100%| E|CS|TAMS 0x00000000aa500000, 0x00000000aa500000| Complete 

Card table byte_map: [0x0000022a39150000,0x0000022a39450000] _byte_map_base: 0x0000022a38c46000

Marking Bits (Prev, Next): (CMBitMap*) 0x0000022a264c79b0, (CMBitMap*) 0x0000022a264c7970
 Prev Bits: [0x0000022a3af00000, 0x0000022a3c6b0000)
 Next Bits: [0x0000022a39750000, 0x0000022a3af00000)

Polling page: 0x0000022a25c30000

Metaspace:

Usage:
  Non-class:     77.49 MB used.
      Class:     11.44 MB used.
       Both:     88.93 MB used.

Virtual space:
  Non-class space:      128.00 MB reserved,      77.81 MB ( 61%) committed,  2 nodes.
      Class space:        1.00 GB reserved,      11.75 MB (  1%) committed,  1 nodes.
             Both:        1.12 GB reserved,      89.56 MB (  8%) committed. 

Chunk freelists:
   Non-Class:  1.45 MB
       Class:  4.27 MB
        Both:  5.72 MB

MaxMetaspaceSize: unlimited
CompressedClassSpaceSize: 1.00 GB
Initial GC threshold: 21.00 MB
Current GC threshold: 98.25 MB
CDS: off
MetaspaceReclaimPolicy: balanced
 - commit_granule_bytes: 65536.
 - commit_granule_words: 8192.
 - virtual_space_node_default_size: 8388608.
 - enlarge_chunks_in_place: 1.
 - new_chunks_are_fully_committed: 0.
 - uncommit_free_chunks: 1.
 - use_allocation_guard: 0.
 - handle_deallocations: 1.


Internal statistics:

num_allocs_failed_limit: 11.
num_arena_births: 950.
num_arena_deaths: 0.
num_vsnodes_births: 3.
num_vsnodes_deaths: 0.
num_space_committed: 1433.
num_space_uncommitted: 0.
num_chunks_returned_to_freelist: 11.
num_chunks_taken_from_freelist: 4002.
num_chunk_merges: 11.
num_chunk_splits: 2827.
num_chunks_enlarged: 2160.
num_inconsistent_stats: 0.

CodeHeap 'non-profiled nmethods': size=120000Kb used=12080Kb max_used=12080Kb free=107919Kb
 bounds [0x0000022a315f0000, 0x0000022a321c0000, 0x0000022a38b20000]
CodeHeap 'profiled nmethods': size=120000Kb used=19099Kb max_used=24254Kb free=100900Kb
 bounds [0x0000022a29b20000, 0x0000022a2b300000, 0x0000022a31050000]
CodeHeap 'non-nmethods': size=5760Kb used=1348Kb max_used=1447Kb free=4411Kb
 bounds [0x0000022a31050000, 0x0000022a312c0000, 0x0000022a315f0000]
 total_blobs=11908 nmethods=11227 adapters=592
 compilation: enabled
              stopped_count=0, restarted_count=0
 full_count=0

Compilation events (20 events):
Event: 1412.828 Thread 0x0000022a3f2989d0 nmethod 14308 0x0000022a321b8390 code [0x0000022a321b8520, 0x0000022a321b86a8]
Event: 1412.888 Thread 0x0000022a3f2989d0 14309       4       java.util.HashSet::toArray (18 bytes)
Event: 1412.895 Thread 0x0000022a3f2989d0 nmethod 14309 0x0000022a321b8810 code [0x0000022a321b89a0, 0x0000022a321b8cb8]
Event: 1413.034 Thread 0x0000022a3f2989d0 14310       4       org.springframework.data.jpa.repository.query.HqlQueryRenderer::visitStart (6 bytes)
Event: 1413.049 Thread 0x0000022a3f2989d0 nmethod 14310 0x0000022a321b8e10 code [0x0000022a321b8fe0, 0x0000022a321b9488]
Event: 1413.105 Thread 0x0000022a3f2989d0 14311       4       java.time.Clock::currentInstant (84 bytes)
Event: 1413.109 Thread 0x0000022a3f2989d0 nmethod 14311 0x0000022a321b9910 code [0x0000022a321b9aa0, 0x0000022a321b9d08]
Event: 1413.296 Thread 0x0000022a3f2989d0 14312       4       org.springframework.data.jpa.repository.query.HqlParser$StartContext::accept (26 bytes)
Event: 1413.314 Thread 0x0000022a3f2989d0 nmethod 14312 0x0000022a321b9e90 code [0x0000022a321ba060, 0x0000022a321ba528]
Event: 1413.329 Thread 0x0000022a3f2989d0 14313       4       java.util.ArrayDeque::push (6 bytes)
Event: 1413.333 Thread 0x0000022a3f2989d0 nmethod 14313 0x0000022a321baa10 code [0x0000022a321baba0, 0x0000022a321bad98]
Event: 1413.333 Thread 0x0000022a3f2989d0 14314       4       java.util.ArrayDeque::pop (5 bytes)
Event: 1413.335 Thread 0x0000022a3f2989d0 nmethod 14314 0x0000022a321baf10 code [0x0000022a321bb080, 0x0000022a321bb1b8]
Event: 1413.383 Thread 0x0000022a3f2989d0 14315       4       org.springframework.data.jpa.repository.query.HqlQueryTransformer::<init> (54 bytes)
Event: 1413.396 Thread 0x0000022a3f2989d0 nmethod 14315 0x0000022a321bb310 code [0x0000022a321bb4a0, 0x0000022a321bbb98]
Event: 1413.419 Thread 0x0000022a3f2989d0 14316       4       org.antlr.v4.runtime.atn.ATN::nextTokens (35 bytes)
Event: 1413.421 Thread 0x0000022a3f2989d0 nmethod 14316 0x0000022a321bbd90 code [0x0000022a321bbf00, 0x0000022a321bbfb8]
Event: 1413.774 Thread 0x0000022a3f2989d0 14317       4       org.springframework.core.SerializableTypeWrapper$TypeProxyInvocationHandler::invoke (325 bytes)
Event: 1413.807 Thread 0x0000022a3f2992d0 14320       3       java.util.concurrent.ConcurrentLinkedQueue::poll (84 bytes)
Event: 1413.814 Thread 0x0000022a3f2992d0 nmethod 14320 0x0000022a2a8b1e10 code [0x0000022a2a8b24c0, 0x0000022a2a8b5e88]

GC Heap History (20 events):
Event: 1391.527 GC heap before
{Heap before GC invocations=44 (full 0):
 garbage-first heap   total 149504K, used 131048K [0x00000000a1400000, 0x0000000100000000)
  region size 1024K, 87 young (89088K), 1 survivors (1024K)
 Metaspace       used 91050K, committed 91712K, reserved 1179648K
  class space    used 11709K, committed 12032K, reserved 1048576K
}
Event: 1391.530 GC heap after
{Heap after GC invocations=45 (full 0):
 garbage-first heap   total 149504K, used 44061K [0x00000000a1400000, 0x0000000100000000)
  region size 1024K, 1 young (1024K), 1 survivors (1024K)
 Metaspace       used 91050K, committed 91712K, reserved 1179648K
  class space    used 11709K, committed 12032K, reserved 1048576K
}
Event: 1393.443 GC heap before
{Heap before GC invocations=45 (full 0):
 garbage-first heap   total 149504K, used 131101K [0x00000000a1400000, 0x0000000100000000)
  region size 1024K, 87 young (89088K), 1 survivors (1024K)
 Metaspace       used 91052K, committed 91712K, reserved 1179648K
  class space    used 11709K, committed 12032K, reserved 1048576K
}
Event: 1393.445 GC heap after
{Heap after GC invocations=46 (full 0):
 garbage-first heap   total 149504K, used 44099K [0x00000000a1400000, 0x0000000100000000)
  region size 1024K, 1 young (1024K), 1 survivors (1024K)
 Metaspace       used 91052K, committed 91712K, reserved 1179648K
  class space    used 11709K, committed 12032K, reserved 1048576K
}
Event: 1395.450 GC heap before
{Heap before GC invocations=46 (full 0):
 garbage-first heap   total 149504K, used 131139K [0x00000000a1400000, 0x0000000100000000)
  region size 1024K, 87 young (89088K), 1 survivors (1024K)
 Metaspace       used 91053K, committed 91712K, reserved 1179648K
  class space    used 11710K, committed 12032K, reserved 1048576K
}
Event: 1395.452 GC heap after
{Heap after GC invocations=47 (full 0):
 garbage-first heap   total 149504K, used 43922K [0x00000000a1400000, 0x0000000100000000)
  region size 1024K, 1 young (1024K), 1 survivors (1024K)
 Metaspace       used 91053K, committed 91712K, reserved 1179648K
  class space    used 11710K, committed 12032K, reserved 1048576K
}
Event: 1397.469 GC heap before
{Heap before GC invocations=47 (full 0):
 garbage-first heap   total 149504K, used 130962K [0x00000000a1400000, 0x0000000100000000)
  region size 1024K, 87 young (89088K), 1 survivors (1024K)
 Metaspace       used 91053K, committed 91712K, reserved 1179648K
  class space    used 11710K, committed 12032K, reserved 1048576K
}
Event: 1397.470 GC heap after
{Heap after GC invocations=48 (full 0):
 garbage-first heap   total 149504K, used 44031K [0x00000000a1400000, 0x0000000100000000)
  region size 1024K, 1 young (1024K), 1 survivors (1024K)
 Metaspace       used 91053K, committed 91712K, reserved 1179648K
  class space    used 11710K, committed 12032K, reserved 1048576K
}
Event: 1399.589 GC heap before
{Heap before GC invocations=48 (full 0):
 garbage-first heap   total 149504K, used 131071K [0x00000000a1400000, 0x0000000100000000)
  region size 1024K, 87 young (89088K), 1 survivors (1024K)
 Metaspace       used 91053K, committed 91712K, reserved 1179648K
  class space    used 11710K, committed 12032K, reserved 1048576K
}
Event: 1399.591 GC heap after
{Heap after GC invocations=49 (full 0):
 garbage-first heap   total 149504K, used 44036K [0x00000000a1400000, 0x0000000100000000)
  region size 1024K, 1 young (1024K), 1 survivors (1024K)
 Metaspace       used 91053K, committed 91712K, reserved 1179648K
  class space    used 11710K, committed 12032K, reserved 1048576K
}
Event: 1401.652 GC heap before
{Heap before GC invocations=49 (full 0):
 garbage-first heap   total 149504K, used 131076K [0x00000000a1400000, 0x0000000100000000)
  region size 1024K, 87 young (89088K), 1 survivors (1024K)
 Metaspace       used 91053K, committed 91712K, reserved 1179648K
  class space    used 11710K, committed 12032K, reserved 1048576K
}
Event: 1401.653 GC heap after
{Heap after GC invocations=50 (full 0):
 garbage-first heap   total 149504K, used 44085K [0x00000000a1400000, 0x0000000100000000)
  region size 1024K, 1 young (1024K), 1 survivors (1024K)
 Metaspace       used 91053K, committed 91712K, reserved 1179648K
  class space    used 11710K, committed 12032K, reserved 1048576K
}
Event: 1403.439 GC heap before
{Heap before GC invocations=50 (full 0):
 garbage-first heap   total 149504K, used 131125K [0x00000000a1400000, 0x0000000100000000)
  region size 1024K, 87 young (89088K), 1 survivors (1024K)
 Metaspace       used 91055K, committed 91712K, reserved 1179648K
  class space    used 11710K, committed 12032K, reserved 1048576K
}
Event: 1403.440 GC heap after
{Heap after GC invocations=51 (full 0):
 garbage-first heap   total 149504K, used 44049K [0x00000000a1400000, 0x0000000100000000)
  region size 1024K, 1 young (1024K), 1 survivors (1024K)
 Metaspace       used 91055K, committed 91712K, reserved 1179648K
  class space    used 11710K, committed 12032K, reserved 1048576K
}
Event: 1405.695 GC heap before
{Heap before GC invocations=51 (full 0):
 garbage-first heap   total 149504K, used 131089K [0x00000000a1400000, 0x0000000100000000)
  region size 1024K, 87 young (89088K), 1 survivors (1024K)
 Metaspace       used 91056K, committed 91712K, reserved 1179648K
  class space    used 11711K, committed 12032K, reserved 1048576K
}
Event: 1405.696 GC heap after
{Heap after GC invocations=52 (full 0):
 garbage-first heap   total 149504K, used 44047K [0x00000000a1400000, 0x0000000100000000)
  region size 1024K, 1 young (1024K), 1 survivors (1024K)
 Metaspace       used 91056K, committed 91712K, reserved 1179648K
  class space    used 11711K, committed 12032K, reserved 1048576K
}
Event: 1408.107 GC heap before
{Heap before GC invocations=52 (full 0):
 garbage-first heap   total 149504K, used 131087K [0x00000000a1400000, 0x0000000100000000)
  region size 1024K, 87 young (89088K), 1 survivors (1024K)
 Metaspace       used 91059K, committed 91712K, reserved 1179648K
  class space    used 11711K, committed 12032K, reserved 1048576K
}
Event: 1408.108 GC heap after
{Heap after GC invocations=53 (full 0):
 garbage-first heap   total 149504K, used 44086K [0x00000000a1400000, 0x0000000100000000)
  region size 1024K, 1 young (1024K), 1 survivors (1024K)
 Metaspace       used 91059K, committed 91712K, reserved 1179648K
  class space    used 11711K, committed 12032K, reserved 1048576K
}
Event: 1412.813 GC heap before
{Heap before GC invocations=53 (full 0):
 garbage-first heap   total 149504K, used 131126K [0x00000000a1400000, 0x0000000100000000)
  region size 1024K, 87 young (89088K), 1 survivors (1024K)
 Metaspace       used 91059K, committed 91712K, reserved 1179648K
  class space    used 11711K, committed 12032K, reserved 1048576K
}
Event: 1412.815 GC heap after
{Heap after GC invocations=54 (full 0):
 garbage-first heap   total 149504K, used 44135K [0x00000000a1400000, 0x0000000100000000)
  region size 1024K, 1 young (1024K), 1 survivors (1024K)
 Metaspace       used 91059K, committed 91712K, reserved 1179648K
  class space    used 11711K, committed 12032K, reserved 1048576K
}

Dll operation events (9 events):
Event: 0.010 Loaded shared library C:\Users\sante\.p2\pool\plugins\org.eclipse.justj.openjdk.hotspot.jre.full.win32.x86_64_17.0.7.v20230425-1502\jre\bin\java.dll
Event: 0.202 Loaded shared library C:\Users\sante\.p2\pool\plugins\org.eclipse.justj.openjdk.hotspot.jre.full.win32.x86_64_17.0.7.v20230425-1502\jre\bin\net.dll
Event: 0.206 Loaded shared library C:\Users\sante\.p2\pool\plugins\org.eclipse.justj.openjdk.hotspot.jre.full.win32.x86_64_17.0.7.v20230425-1502\jre\bin\nio.dll
Event: 0.213 Loaded shared library C:\Users\sante\.p2\pool\plugins\org.eclipse.justj.openjdk.hotspot.jre.full.win32.x86_64_17.0.7.v20230425-1502\jre\bin\zip.dll
Event: 0.405 Loaded shared library C:\Users\sante\.p2\pool\plugins\org.eclipse.justj.openjdk.hotspot.jre.full.win32.x86_64_17.0.7.v20230425-1502\jre\bin\jimage.dll
Event: 0.937 Loaded shared library C:\Users\sante\.p2\pool\plugins\org.eclipse.justj.openjdk.hotspot.jre.full.win32.x86_64_17.0.7.v20230425-1502\jre\bin\management.dll
Event: 0.941 Loaded shared library C:\Users\sante\.p2\pool\plugins\org.eclipse.justj.openjdk.hotspot.jre.full.win32.x86_64_17.0.7.v20230425-1502\jre\bin\management_ext.dll
Event: 5.287 Loaded shared library C:\Users\sante\.p2\pool\plugins\org.eclipse.justj.openjdk.hotspot.jre.full.win32.x86_64_17.0.7.v20230425-1502\jre\bin\sunmscapi.dll
Event: 7.155 Loaded shared library C:\Users\sante\.p2\pool\plugins\org.eclipse.justj.openjdk.hotspot.jre.full.win32.x86_64_17.0.7.v20230425-1502\jre\bin\verify.dll

Deoptimization events (20 events):
Event: 1383.284 Thread 0x0000022a444a3520 Uncommon trap: trap_request=0xffffffbe fr.pc=0x0000022a31f8396c relative=0x000000000000180c
Event: 1383.284 Thread 0x0000022a444a3520 Uncommon trap: reason=profile_predicate action=maybe_recompile pc=0x0000022a31f8396c method=org.springframework.web.servlet.mvc.method.annotation.AbstractMessageConverterMethodProcessor.getProducibleMediaTypes(Ljakarta/servlet/http/HttpServletRequest;Ljav
Event: 1383.284 Thread 0x0000022a444a3520 DEOPT PACKING pc=0x0000022a31f8396c sp=0x0000009d586fb220
Event: 1383.284 Thread 0x0000022a444a3520 DEOPT UNPACKING pc=0x0000022a310a69a3 sp=0x0000009d586fb228 mode 2
Event: 1386.338 Thread 0x0000022a444a6070 Uncommon trap: trap_request=0xffffff45 fr.pc=0x0000022a31f1565c relative=0x00000000000001bc
Event: 1386.338 Thread 0x0000022a444a6070 Uncommon trap: reason=unstable_if action=reinterpret pc=0x0000022a31f1565c method=java.math.BigDecimal.valueOf(JI)Ljava/math/BigDecimal; @ 12 c2
Event: 1386.338 Thread 0x0000022a444a6070 DEOPT PACKING pc=0x0000022a31f1565c sp=0x0000009d583fac60
Event: 1386.338 Thread 0x0000022a444a6070 DEOPT UNPACKING pc=0x0000022a310a69a3 sp=0x0000009d583fabf8 mode 2
Event: 1410.012 Thread 0x0000022a44d83ce0 Uncommon trap: trap_request=0xffffff45 fr.pc=0x0000022a32041798 relative=0x0000000000000d38
Event: 1410.012 Thread 0x0000022a44d83ce0 Uncommon trap: reason=unstable_if action=reinterpret pc=0x0000022a32041798 method=org.apache.catalina.core.StandardWrapperValve.invoke(Lorg/apache/catalina/connector/Request;Lorg/apache/catalina/connector/Response;)V @ 709 c2
Event: 1410.012 Thread 0x0000022a44d83ce0 DEOPT PACKING pc=0x0000022a32041798 sp=0x0000009d588feb50
Event: 1410.015 Thread 0x0000022a44d83ce0 DEOPT UNPACKING pc=0x0000022a310a69a3 sp=0x0000009d588feac8 mode 2
Event: 1413.679 Thread 0x0000022a44d83ce0 Uncommon trap: trap_request=0xffffff45 fr.pc=0x0000022a32161614 relative=0x00000000000004f4
Event: 1413.679 Thread 0x0000022a444a3ec0 Uncommon trap: trap_request=0xffffff45 fr.pc=0x0000022a321615bc relative=0x000000000000049c
Event: 1413.679 Thread 0x0000022a44d83ce0 Uncommon trap: reason=unstable_if action=reinterpret pc=0x0000022a32161614 method=java.util.concurrent.ConcurrentLinkedQueue.updateHead(Ljava/util/concurrent/ConcurrentLinkedQueue$Node;Ljava/util/concurrent/ConcurrentLinkedQueue$Node;)V @ 14 c2
Event: 1413.679 Thread 0x0000022a444a3ec0 Uncommon trap: reason=unstable_if action=reinterpret pc=0x0000022a321615bc method=java.util.concurrent.ConcurrentLinkedQueue.poll()Ljava/lang/Object; @ 24 c2
Event: 1413.679 Thread 0x0000022a444a3ec0 DEOPT PACKING pc=0x0000022a321615bc sp=0x0000009d57ffb900
Event: 1413.679 Thread 0x0000022a44d83ce0 DEOPT PACKING pc=0x0000022a32161614 sp=0x0000009d588fb760
Event: 1413.679 Thread 0x0000022a44d83ce0 DEOPT UNPACKING pc=0x0000022a310a69a3 sp=0x0000009d588fb6a0 mode 2
Event: 1413.679 Thread 0x0000022a444a3ec0 DEOPT UNPACKING pc=0x0000022a310a69a3 sp=0x0000009d57ffb8b0 mode 2

Classes unloaded (0 events):
No events

Classes redefined (0 events):
No events

Internal exceptions (20 events):
Event: 12.534 Thread 0x0000022a44302e10 Exception <a 'java/lang/NoSuchMethodError'{0x00000000a4f86fa8}: 'java.lang.Object java.lang.invoke.DirectMethodHandle$Holder.invokeSpecial(java.lang.Object, java.lang.Object, int, java.lang.Object, int, java.lang.Object)'> (0x00000000a4f86fa8) 
thrown [s\src\hotspot\share\interpreter\linkResolver.cpp, line 759]
Event: 12.535 Thread 0x0000022a44302e10 Exception <a 'java/lang/NoSuchMethodError'{0x00000000a4f8efc8}: 'java.lang.Object java.lang.invoke.DirectMethodHandle$Holder.newInvokeSpecial(java.lang.Object, java.lang.Object, int, java.lang.Object, int)'> (0x00000000a4f8efc8) 
thrown [s\src\hotspot\share\interpreter\linkResolver.cpp, line 759]
Event: 12.535 Thread 0x0000022a44302e10 Exception <a 'java/lang/NoSuchMethodError'{0x00000000a4f930c8}: 'java.lang.Object java.lang.invoke.DirectMethodHandle$Holder.invokeSpecial(java.lang.Object, java.lang.Object, java.lang.Object, int, java.lang.Object, int)'> (0x00000000a4f930c8) 
thrown [s\src\hotspot\share\interpreter\linkResolver.cpp, line 759]
Event: 26.092 Thread 0x0000022a444a4860 Exception <a 'java/lang/NoSuchMethodError'{0x00000000a9ed59f8}: 'java.lang.Object java.lang.invoke.DirectMethodHandle$Holder.invokeSpecial(java.lang.Object, java.lang.Object, java.lang.Object, java.lang.Object, java.lang.Object, long)'> (0x00000000a9ed59f8) 
thrown [s\src\hotspot\share\interpreter\linkResolver.cpp, line 759]
Event: 26.094 Thread 0x0000022a444a4860 Exception <a 'java/lang/NoSuchMethodError'{0x00000000a9de0df0}: 'java.lang.Object java.lang.invoke.Invokers$Holder.linkToTargetMethod(java.lang.Object, java.lang.Object, java.lang.Object, long, java.lang.Object)'> (0x00000000a9de0df0) 
thrown [s\src\hotspot\share\interpreter\linkResolver.cpp, line 759]
Event: 26.559 Thread 0x0000022a444a6540 Exception <a 'java/lang/NoSuchMethodError'{0x00000000a95045c8}: 'void java.lang.invoke.DirectMethodHandle$Holder.invokeSpecialIFC(java.lang.Object, java.lang.Object, int, java.lang.Object, java.lang.Object, java.lang.Object, java.lang.Object)'> (0x00000000a95045c8) 
thrown [s\src\hotspot\share\interpreter\linkResolver.cpp, line 759]
Event: 26.559 Thread 0x0000022a44d81190 Exception <a 'java/lang/NoSuchMethodError'{0x00000000a96c1ed8}: 'void java.lang.invoke.DirectMethodHandle$Holder.invokeSpecialIFC(java.lang.Object, java.lang.Object, int, java.lang.Object, java.lang.Object, java.lang.Object, java.lang.Object)'> (0x00000000a96c1ed8) 
thrown [s\src\hotspot\share\interpreter\linkResolver.cpp, line 759]
Event: 26.559 Thread 0x0000022a444a6a10 Exception <a 'java/lang/NoSuchMethodError'{0x00000000a9893b08}: 'void java.lang.invoke.DirectMethodHandle$Holder.invokeSpecialIFC(java.lang.Object, java.lang.Object, int, java.lang.Object, java.lang.Object, java.lang.Object, java.lang.Object)'> (0x00000000a9893b08) 
thrown [s\src\hotspot\share\interpreter\linkResolver.cpp, line 759]
Event: 26.560 Thread 0x0000022a444a6070 Exception <a 'java/lang/NoSuchMethodError'{0x00000000a9664b10}: 'void java.lang.invoke.DirectMethodHandle$Holder.invokeSpecialIFC(java.lang.Object, java.lang.Object, int, java.lang.Object, java.lang.Object, java.lang.Object, java.lang.Object)'> (0x00000000a9664b10) 
thrown [s\src\hotspot\share\interpreter\linkResolver.cpp, line 759]
Event: 27.090 Thread 0x0000022a444a6070 Exception <a 'java/lang/NoSuchMethodError'{0x00000000a90ecbb8}: 'java.lang.Object java.lang.invoke.DirectMethodHandle$Holder.newInvokeSpecial(java.lang.Object, long)'> (0x00000000a90ecbb8) 
thrown [s\src\hotspot\share\interpreter\linkResolver.cpp, line 759]
Event: 1344.085 Thread 0x0000022a444a3520 Exception <a 'java/lang/reflect/InvocationTargetException'{0x00000000a6de3d68}> (0x00000000a6de3d68) 
thrown [s\src\hotspot\share\runtime\reflection.cpp, line 1121]
Event: 1344.087 Thread 0x0000022a444a3520 Exception <a 'java/lang/reflect/InvocationTargetException'{0x00000000a6de4830}> (0x00000000a6de4830) 
thrown [s\src\hotspot\share\runtime\reflection.cpp, line 1121]
Event: 1344.088 Thread 0x0000022a44d81190 Exception <a 'java/lang/reflect/InvocationTargetException'{0x00000000a6dc0060}> (0x00000000a6dc0060) 
thrown [s\src\hotspot\share\runtime\reflection.cpp, line 1121]
Event: 1344.088 Thread 0x0000022a44d81190 Exception <a 'java/lang/reflect/InvocationTargetException'{0x00000000a6dc0b28}> (0x00000000a6dc0b28) 
thrown [s\src\hotspot\share\runtime\reflection.cpp, line 1121]
Event: 1344.178 Thread 0x0000022a444a5ba0 Exception <a 'java/lang/reflect/InvocationTargetException'{0x00000000a6a819b0}> (0x00000000a6a819b0) 
thrown [s\src\hotspot\share\runtime\reflection.cpp, line 1121]
Event: 1344.178 Thread 0x0000022a444a5ba0 Exception <a 'java/lang/reflect/InvocationTargetException'{0x00000000a6a82478}> (0x00000000a6a82478) 
thrown [s\src\hotspot\share\runtime\reflection.cpp, line 1121]
Event: 1344.183 Thread 0x0000022a444a3ec0 Exception <a 'java/lang/reflect/InvocationTargetException'{0x00000000a6aa1f80}> (0x00000000a6aa1f80) 
thrown [s\src\hotspot\share\runtime\reflection.cpp, line 1121]
Event: 1344.183 Thread 0x0000022a444a4860 Exception <a 'java/lang/reflect/InvocationTargetException'{0x00000000a6bf9500}> (0x00000000a6bf9500) 
thrown [s\src\hotspot\share\runtime\reflection.cpp, line 1121]
Event: 1344.183 Thread 0x0000022a444a3ec0 Exception <a 'java/lang/reflect/InvocationTargetException'{0x00000000a6aa2a48}> (0x00000000a6aa2a48) 
thrown [s\src\hotspot\share\runtime\reflection.cpp, line 1121]
Event: 1344.183 Thread 0x0000022a444a4860 Exception <a 'java/lang/reflect/InvocationTargetException'{0x00000000a6bf9fc8}> (0x00000000a6bf9fc8) 
thrown [s\src\hotspot\share\runtime\reflection.cpp, line 1121]

VM Operations (20 events):
Event: 1405.463 Executing VM operation: Cleanup
Event: 1405.463 Executing VM operation: Cleanup done
Event: 1405.694 Executing VM operation: G1CollectForAllocation
Event: 1405.696 Executing VM operation: G1CollectForAllocation done
Event: 1406.708 Executing VM operation: Cleanup
Event: 1406.709 Executing VM operation: Cleanup done
Event: 1407.720 Executing VM operation: Cleanup
Event: 1407.720 Executing VM operation: Cleanup done
Event: 1408.106 Executing VM operation: G1CollectForAllocation
Event: 1408.108 Executing VM operation: G1CollectForAllocation done
Event: 1409.121 Executing VM operation: Cleanup
Event: 1409.121 Executing VM operation: Cleanup done
Event: 1411.148 Executing VM operation: Cleanup
Event: 1411.148 Executing VM operation: Cleanup done
Event: 1411.942 Executing VM operation: HandshakeAllThreads
Event: 1411.942 Executing VM operation: HandshakeAllThreads done
Event: 1412.813 Executing VM operation: G1CollectForAllocation
Event: 1412.815 Executing VM operation: G1CollectForAllocation done
Event: 1413.830 Executing VM operation: Cleanup
Event: 1413.830 Executing VM operation: Cleanup done

Events (20 events):
Event: 1388.722 Thread 0x0000022a3f2ae3c0 flushing nmethod 0x0000022a2af2e110
Event: 1388.722 Thread 0x0000022a3f2ae3c0 flushing nmethod 0x0000022a2af30090
Event: 1388.725 Thread 0x0000022a3f2ae3c0 flushing nmethod 0x0000022a2b07d110
Event: 1388.725 Thread 0x0000022a3f2ae3c0 flushing nmethod 0x0000022a2b08b090
Event: 1388.725 Thread 0x0000022a3f2ae3c0 flushing nmethod 0x0000022a2b095b90
Event: 1388.725 Thread 0x0000022a3f2ae3c0 flushing nmethod 0x0000022a2b0b7490
Event: 1388.725 Thread 0x0000022a3f2ae3c0 flushing nmethod 0x0000022a2b0edf90
Event: 1388.726 Thread 0x0000022a3f2ae3c0 flushing nmethod 0x0000022a2b14fc90
Event: 1388.726 Thread 0x0000022a3f2ae3c0 flushing nmethod 0x0000022a2b159f10
Event: 1388.727 Thread 0x0000022a3f2ae3c0 flushing nmethod 0x0000022a2b1b6b90
Event: 1388.727 Thread 0x0000022a3f2ae3c0 flushing nmethod 0x0000022a2b1da610
Event: 1388.727 Thread 0x0000022a3f2ae3c0 flushing nmethod 0x0000022a2b1deb10
Event: 1388.728 Thread 0x0000022a3f2ae3c0 flushing nmethod 0x0000022a2b1f2b10
Event: 1394.570 Thread 0x0000022a3fcd3bf0 Thread exited: 0x0000022a3fcd3bf0
Event: 1411.966 Thread 0x0000022a3f2ae3c0 flushing nmethod 0x0000022a2aa4fb10
Event: 1411.966 Thread 0x0000022a3f2ae3c0 flushing nmethod 0x0000022a2aa88610
Event: 1411.966 Thread 0x0000022a3f2ae3c0 flushing nmethod 0x0000022a2aa8b910
Event: 1411.969 Thread 0x0000022a3f2ae3c0 flushing nmethod 0x0000022a2ae04c10
Event: 1411.969 Thread 0x0000022a3f2ae3c0 flushing nmethod 0x0000022a2ae07090
Event: 1412.774 Thread 0x0000022a445f1530 Thread added: 0x0000022a445f1530


Dynamic libraries:
0x00007ff657a90000 - 0x00007ff657a9e000 	C:\Users\sante\.p2\pool\plugins\org.eclipse.justj.openjdk.hotspot.jre.full.win32.x86_64_17.0.7.v20230425-1502\jre\bin\javaw.exe
0x00007ffd847f0000 - 0x00007ffd84a04000 	C:\WINDOWS\SYSTEM32\ntdll.dll
0x00007ffd84070000 - 0x00007ffd84134000 	C:\WINDOWS\System32\KERNEL32.DLL
0x00007ffd81e80000 - 0x00007ffd82224000 	C:\WINDOWS\System32\KERNELBASE.dll
0x00007ffd81cc0000 - 0x00007ffd81dd1000 	C:\WINDOWS\System32\ucrtbase.dll
0x00007ffd71aa0000 - 0x00007ffd71ab7000 	C:\Users\sante\.p2\pool\plugins\org.eclipse.justj.openjdk.hotspot.jre.full.win32.x86_64_17.0.7.v20230425-1502\jre\bin\jli.dll
0x00007ffd686d0000 - 0x00007ffd686e9000 	C:\Users\sante\.p2\pool\plugins\org.eclipse.justj.openjdk.hotspot.jre.full.win32.x86_64_17.0.7.v20230425-1502\jre\bin\VCRUNTIME140.dll
0x00007ffd84430000 - 0x00007ffd845de000 	C:\WINDOWS\System32\USER32.dll
0x00007ffd82230000 - 0x00007ffd82256000 	C:\WINDOWS\System32\win32u.dll
0x00007ffd76af0000 - 0x00007ffd76d83000 	C:\WINDOWS\WinSxS\amd64_microsoft.windows.common-controls_6595b64144ccf1df_6.0.22621.2215_none_270d72677387dfc3\COMCTL32.dll
0x00007ffd83710000 - 0x00007ffd83739000 	C:\WINDOWS\System32\GDI32.dll
0x00007ffd81ba0000 - 0x00007ffd81cb8000 	C:\WINDOWS\System32\gdi32full.dll
0x00007ffd84700000 - 0x00007ffd847a7000 	C:\WINDOWS\System32\msvcrt.dll
0x00007ffd81de0000 - 0x00007ffd81e7a000 	C:\WINDOWS\System32\msvcp_win.dll
0x00007ffd843f0000 - 0x00007ffd84421000 	C:\WINDOWS\System32\IMM32.DLL
0x00007ffd70ef0000 - 0x00007ffd70efc000 	C:\Users\sante\.p2\pool\plugins\org.eclipse.justj.openjdk.hotspot.jre.full.win32.x86_64_17.0.7.v20230425-1502\jre\bin\vcruntime140_1.dll
0x00007ffd5cdd0000 - 0x00007ffd5ce61000 	C:\Users\sante\.p2\pool\plugins\org.eclipse.justj.openjdk.hotspot.jre.full.win32.x86_64_17.0.7.v20230425-1502\jre\bin\msvcp140.dll
0x00007ffd3e470000 - 0x00007ffd3f0b8000 	C:\Users\sante\.p2\pool\plugins\org.eclipse.justj.openjdk.hotspot.jre.full.win32.x86_64_17.0.7.v20230425-1502\jre\bin\server\jvm.dll
0x00007ffd842c0000 - 0x00007ffd84370000 	C:\WINDOWS\System32\ADVAPI32.dll
0x00007ffd841c0000 - 0x00007ffd84266000 	C:\WINDOWS\System32\sechost.dll
0x00007ffd845e0000 - 0x00007ffd846f7000 	C:\WINDOWS\System32\RPCRT4.dll
0x00007ffd7b1e0000 - 0x00007ffd7b214000 	C:\WINDOWS\SYSTEM32\WINMM.dll
0x00007ffd79fa0000 - 0x00007ffd79faa000 	C:\WINDOWS\SYSTEM32\VERSION.dll
0x00007ffd65d50000 - 0x00007ffd65d59000 	C:\WINDOWS\SYSTEM32\WSOCK32.dll
0x00007ffd84370000 - 0x00007ffd843e1000 	C:\WINDOWS\System32\WS2_32.dll
0x00007ffd80bf0000 - 0x00007ffd80c08000 	C:\WINDOWS\SYSTEM32\kernel.appcore.dll
0x00007ffd7d590000 - 0x00007ffd7d59a000 	C:\Users\sante\.p2\pool\plugins\org.eclipse.justj.openjdk.hotspot.jre.full.win32.x86_64_17.0.7.v20230425-1502\jre\bin\jimage.dll
0x00007ffd720a0000 - 0x00007ffd722ce000 	C:\WINDOWS\SYSTEM32\DBGHELP.DLL
0x00007ffd83cc0000 - 0x00007ffd8404a000 	C:\WINDOWS\System32\combase.dll
0x00007ffd83290000 - 0x00007ffd83367000 	C:\WINDOWS\System32\OLEAUT32.dll
0x00007ffd76450000 - 0x00007ffd76482000 	C:\WINDOWS\SYSTEM32\dbgcore.DLL
0x00007ffd823d0000 - 0x00007ffd8244a000 	C:\WINDOWS\System32\bcryptPrimitives.dll
0x00007ffd68fe0000 - 0x00007ffd69005000 	C:\Users\sante\.p2\pool\plugins\org.eclipse.justj.openjdk.hotspot.jre.full.win32.x86_64_17.0.7.v20230425-1502\jre\bin\java.dll
0x00007ffd71480000 - 0x00007ffd71498000 	C:\Users\sante\.p2\pool\plugins\org.eclipse.justj.openjdk.hotspot.jre.full.win32.x86_64_17.0.7.v20230425-1502\jre\bin\zip.dll
0x00007ffd82680000 - 0x00007ffd82ea3000 	C:\WINDOWS\System32\SHELL32.dll
0x00007ffd7fb30000 - 0x00007ffd8041a000 	C:\WINDOWS\SYSTEM32\windows.storage.dll
0x00007ffd7f9f0000 - 0x00007ffd7fb2e000 	C:\WINDOWS\SYSTEM32\wintypes.dll
0x00007ffd83190000 - 0x00007ffd83283000 	C:\WINDOWS\System32\SHCORE.dll
0x00007ffd836b0000 - 0x00007ffd8370e000 	C:\WINDOWS\System32\shlwapi.dll
0x00007ffd81ad0000 - 0x00007ffd81af6000 	C:\WINDOWS\SYSTEM32\profapi.dll
0x00007ffd6c8a0000 - 0x00007ffd6c8b9000 	C:\Users\sante\.p2\pool\plugins\org.eclipse.justj.openjdk.hotspot.jre.full.win32.x86_64_17.0.7.v20230425-1502\jre\bin\net.dll
0x00007ffd7ae80000 - 0x00007ffd7afb7000 	C:\WINDOWS\SYSTEM32\WINHTTP.dll
0x00007ffd81070000 - 0x00007ffd810d9000 	C:\WINDOWS\system32\mswsock.dll
0x00007ffd6bbc0000 - 0x00007ffd6bbd5000 	C:\Users\sante\.p2\pool\plugins\org.eclipse.justj.openjdk.hotspot.jre.full.win32.x86_64_17.0.7.v20230425-1502\jre\bin\nio.dll
0x00007ffd76db0000 - 0x00007ffd76db9000 	C:\Users\sante\.p2\pool\plugins\org.eclipse.justj.openjdk.hotspot.jre.full.win32.x86_64_17.0.7.v20230425-1502\jre\bin\management.dll
0x00007ffd76440000 - 0x00007ffd7644b000 	C:\Users\sante\.p2\pool\plugins\org.eclipse.justj.openjdk.hotspot.jre.full.win32.x86_64_17.0.7.v20230425-1502\jre\bin\management_ext.dll
0x00007ffd82ec0000 - 0x00007ffd82ec8000 	C:\WINDOWS\System32\PSAPI.DLL
0x00007ffd812d0000 - 0x00007ffd812eb000 	C:\WINDOWS\SYSTEM32\CRYPTSP.dll
0x00007ffd80b60000 - 0x00007ffd80b95000 	C:\WINDOWS\system32\rsaenh.dll
0x00007ffd81160000 - 0x00007ffd8118c000 	C:\WINDOWS\SYSTEM32\USERENV.dll
0x00007ffd81480000 - 0x00007ffd814a8000 	C:\WINDOWS\SYSTEM32\bcrypt.dll
0x00007ffd812c0000 - 0x00007ffd812cc000 	C:\WINDOWS\SYSTEM32\CRYPTBASE.dll
0x00007ffd80680000 - 0x00007ffd806ad000 	C:\WINDOWS\SYSTEM32\IPHLPAPI.DLL
0x00007ffd82eb0000 - 0x00007ffd82eb9000 	C:\WINDOWS\System32\NSI.dll
0x00007ffd7b230000 - 0x00007ffd7b249000 	C:\WINDOWS\SYSTEM32\dhcpcsvc6.DLL
0x00007ffd7a600000 - 0x00007ffd7a61f000 	C:\WINDOWS\SYSTEM32\dhcpcsvc.DLL
0x00007ffd806f0000 - 0x00007ffd807e2000 	C:\WINDOWS\SYSTEM32\DNSAPI.dll
0x00007ffd75f70000 - 0x00007ffd75f7e000 	C:\Users\sante\.p2\pool\plugins\org.eclipse.justj.openjdk.hotspot.jre.full.win32.x86_64_17.0.7.v20230425-1502\jre\bin\sunmscapi.dll
0x00007ffd82260000 - 0x00007ffd823c6000 	C:\WINDOWS\System32\CRYPT32.dll
0x00007ffd81450000 - 0x00007ffd8147e000 	C:\WINDOWS\SYSTEM32\ncrypt.dll
0x00007ffd81410000 - 0x00007ffd81447000 	C:\WINDOWS\SYSTEM32\NTASN1.dll
0x00007ffd76490000 - 0x00007ffd764a0000 	C:\Users\sante\.p2\pool\plugins\org.eclipse.justj.openjdk.hotspot.jre.full.win32.x86_64_17.0.7.v20230425-1502\jre\bin\verify.dll
0x00007ffd6a090000 - 0x00007ffd6a09a000 	C:\Windows\System32\rasadhlp.dll
0x00007ffd790a0000 - 0x00007ffd79124000 	C:\WINDOWS\System32\fwpuclnt.dll
0x00007ffd76430000 - 0x00007ffd76438000 	C:\WINDOWS\system32\wshunix.dll

dbghelp: loaded successfully - version: 4.0.5 - missing functions: none
symbol engine: initialized successfully - sym options: 0x614 - pdb path: .;C:\Users\sante\.p2\pool\plugins\org.eclipse.justj.openjdk.hotspot.jre.full.win32.x86_64_17.0.7.v20230425-1502\jre\bin;C:\WINDOWS\SYSTEM32;C:\WINDOWS\WinSxS\amd64_microsoft.windows.common-controls_6595b64144ccf1df_6.0.22621.2215_none_270d72677387dfc3;C:\Users\sante\.p2\pool\plugins\org.eclipse.justj.openjdk.hotspot.jre.full.win32.x86_64_17.0.7.v20230425-1502\jre\bin\server

VM Arguments:
jvm_args: -Dfile.encoding=UTF-8 -XX:+ShowCodeDetailsInExceptionMessages 
java_command: com.davincibiotech.DaVinciBioTechBE.DaVinciBioTechBeApplication
java_class_path (initial): C:\Users\sante\OneDrive\Desktop\Epicode\Epicode_FS0223\DaVinciBioTech\DaVinciBioTech\DaVinciBioTechBE\target\classes;C:\Users\sante\.m2\repository\org\springframework\boot\spring-boot-starter-data-jpa\3.1.3\spring-boot-starter-data-jpa-3.1.3.jar;C:\Users\sante\.m2\repository\org\springframework\boot\spring-boot-starter-aop\3.1.3\spring-boot-starter-aop-3.1.3.jar;C:\Users\sante\.m2\repository\org\aspectj\aspectjweaver\1.9.20\aspectjweaver-1.9.20.jar;C:\Users\sante\.m2\repository\org\springframework\boot\spring-boot-starter-jdbc\3.1.3\spring-boot-starter-jdbc-3.1.3.jar;C:\Users\sante\.m2\repository\com\zaxxer\HikariCP\5.0.1\HikariCP-5.0.1.jar;C:\Users\sante\.m2\repository\org\springframework\spring-jdbc\6.0.11\spring-jdbc-6.0.11.jar;C:\Users\sante\.m2\repository\org\hibernate\orm\hibernate-core\6.2.7.Final\hibernate-core-6.2.7.Final.jar;C:\Users\sante\.m2\repository\jakarta\persistence\jakarta.persistence-api\3.1.0\jakarta.persistence-api-3.1.0.jar;C:\Users\sante\.m2\repository\jakarta\transaction\jakarta.transaction-api\2.0.1\jakarta.transaction-api-2.0.1.jar;C:\Users\sante\.m2\repository\org\jboss\logging\jboss-logging\3.5.3.Final\jboss-logging-3.5.3.Final.jar;C:\Users\sante\.m2\repository\org\hibernate\common\hibernate-commons-annotations\6.0.6.Final\hibernate-commons-annotations-6.0.6.Final.jar;C:\Users\sante\.m2\repository\io\smallrye\jandex\3.0.5\jandex-3.0.5.jar;C:\Users\sante\.m2\repository\com\fasterxml\classmate\1.5.1\classmate-1.5.1.jar;C:\Users\sante\.m2\repository\net\bytebuddy\byte-buddy\1.14.6\byte-buddy-1.14.6.jar;C:\Users\sante\.m2\repository\org\glassfish\jaxb\jaxb-runtime\4.0.3\jaxb-runtime-4.0.3.jar;C:\Users\sante\.m2\repository\org\glassfish\jaxb\jaxb-core\4.0.3\jaxb-core-4.0.3.jar;C:\Users\sante\.m2\repository\org\eclipse\angus\angus-activation\2.0.1\angus-activation-2.0.1.jar;C:\Users\sante\.m2\repository\org\glassfish\jaxb\txw2\4.0.3\txw2-4.0.3.jar;C:\Users\sante\.m2\repository\com\sun\istack\istack-commons-runtime\
Launcher Type: SUN_STANDARD

[Global flags]
     intx CICompilerCount                          = 4                                         {product} {ergonomic}
     uint ConcGCThreads                            = 2                                         {product} {ergonomic}
     uint G1ConcRefinementThreads                  = 8                                         {product} {ergonomic}
   size_t G1HeapRegionSize                         = 1048576                                   {product} {ergonomic}
    uintx GCDrainStackTargetSize                   = 64                                        {product} {ergonomic}
   size_t InitialHeapSize                          = 100663296                                 {product} {ergonomic}
   size_t MarkStackSize                            = 4194304                                   {product} {ergonomic}
   size_t MaxHeapSize                              = 1589641216                                {product} {ergonomic}
   size_t MaxNewSize                               = 953155584                                 {product} {ergonomic}
   size_t MinHeapDeltaBytes                        = 1048576                                   {product} {ergonomic}
   size_t MinHeapSize                              = 8388608                                   {product} {ergonomic}
    uintx NonNMethodCodeHeapSize                   = 5839372                                {pd product} {ergonomic}
    uintx NonProfiledCodeHeapSize                  = 122909434                              {pd product} {ergonomic}
    uintx ProfiledCodeHeapSize                     = 122909434                              {pd product} {ergonomic}
    uintx ReservedCodeCacheSize                    = 251658240                              {pd product} {ergonomic}
     bool SegmentedCodeCache                       = true                                      {product} {ergonomic}
     bool ShowCodeDetailsInExceptionMessages       = true                                   {manageable} {command line}
   size_t SoftMaxHeapSize                          = 1589641216                             {manageable} {ergonomic}
     bool UseCompressedClassPointers               = true                           {product lp64_product} {ergonomic}
     bool UseCompressedOops                        = true                           {product lp64_product} {ergonomic}
     bool UseG1GC                                  = true                                      {product} {ergonomic}
     bool UseLargePagesIndividualAllocation        = false                                  {pd product} {ergonomic}

Logging:
Log output configuration:
 #0: stdout all=warning uptime,level,tags
 #1: stderr all=off uptime,level,tags

Environment Variables:
PATH=C:/Users/sante/.p2/pool/plugins/org.eclipse.justj.openjdk.hotspot.jre.full.win32.x86_64_17.0.7.v20230425-1502/jre/bin/server;C:/Users/sante/.p2/pool/plugins/org.eclipse.justj.openjdk.hotspot.jre.full.win32.x86_64_17.0.7.v20230425-1502/jre/bin;C:\Python311\Scripts\;C:\Python311\;C:\Program Files\MSC.Software\NaPa_SE\20211\Patran\bin;C:\WINDOWS\system32;C:\WINDOWS;C:\WINDOWS\System32\Wbem;C:\WINDOWS\System32\WindowsPowerShell\v1.0\;C:\WINDOWS\System32\OpenSSH\;C:\Program Files\MATLAB\R2020b\bin;C:\Program Files\Git\cmd;C:\Program Files\nodejs\;C:\ProgramData\chocolatey\bin;C:\Users\sante\AppData\Local\Microsoft\WindowsApps;C:\Users\sante\AppData\Local\Programs\Microsoft VS Code\bin;C:\Users\sante\AppData\Roaming\npm;C:\Users\sante\AppData\Local\GitHubDesktop\bin;C:\Users\sante\OneDrive\Desktop;
USERNAME=sante
OS=Windows_NT
PROCESSOR_IDENTIFIER=AMD64 Family 23 Model 24 Stepping 1, AuthenticAMD
TMP=C:\Users\sante\AppData\Local\Temp
TEMP=C:\Users\sante\AppData\Local\Temp



---------------  S Y S T E M  ---------------

OS:
 Windows 11 , 64 bit Build 22621 (10.0.22621.2215)
OS uptime: 7 days 4:14 hours

CPU: total 8 (initial active 8) (8 cores per cpu, 2 threads per core) family 23 model 24 stepping 1 microcode 0x0, cx8, cmov, fxsr, ht, mmx, 3dnowpref, sse, sse2, sse3, ssse3, sse4a, sse4.1, sse4.2, popcnt, lzcnt, tsc, tscinvbit, avx, avx2, aes, clmul, bmi1, bmi2, adx, sha, fma, vzeroupper, clflush, clflushopt

Memory: 4k page, system-wide physical 6060M (357M free)
TotalPageFile size 24492M (AvailPageFile size 5M)
current process WorkingSet (physical memory assigned to process): 280M, peak: 359M
current process commit charge ("private bytes"): 421M, peak: 432M

vm_info: OpenJDK 64-Bit Server VM (17.0.7+7) for windows-amd64 JRE (17.0.7+7), built on Apr 18 2023 22:10:42 by "temurin" with MS VC++ 16.7 (VS2019)

END.
